Log file open, 11/20/18 19:35:09
LogWindows: Failed to load 'aqProf.dll' (GetLastError=126)
LogWindows: File 'aqProf.dll' does not exist
LogWindows: Failed to load 'VSPerf140.dll' (GetLastError=126)
LogWindows: File 'VSPerf140.dll' does not exist
LogWindows: Failed to load 'VtuneApi.dll' (GetLastError=126)
LogWindows: File 'VtuneApi.dll' does not exist
LogWindows: Failed to load 'VtuneApi32e.dll' (GetLastError=126)
LogWindows: File 'VtuneApi32e.dll' does not exist
LogInit: Display: Running engine for game: SekaiChude
LogPlatformFile: Not using cached read wrapper
LogTaskGraph: Started task graph with 5 named threads and 35 total threads with 3 sets of task threads.
LogStats: Stats thread started at 0.428563
LogD3D11RHI: Loaded GFSDK_Aftermath_Lib.x64.dll
LogICUInternationalization: Display: ICU TimeZone Detection - Raw Offset: -5:00, Platform Override: ''
LogPluginManager: Mounting plugin Paper2D
LogPluginManager: Mounting plugin AISupport
LogPluginManager: Mounting plugin LightPropagationVolume
LogPluginManager: Mounting plugin CLionSourceCodeAccess
LogPluginManager: Mounting plugin CodeLiteSourceCodeAccess
LogPluginManager: Mounting plugin GitSourceControl
LogPluginManager: Mounting plugin KDevelopSourceCodeAccess
LogPluginManager: Mounting plugin NullSourceCodeAccess
LogPluginManager: Mounting plugin PerforceSourceControl
LogPluginManager: Mounting plugin SubversionSourceControl
LogPluginManager: Mounting plugin UObjectPlugin
LogPluginManager: Mounting plugin VisualStudioCodeSourceCodeAccess
LogPluginManager: Mounting plugin VisualStudioSourceCodeAccess
LogPluginManager: Mounting plugin XCodeSourceCodeAccess
LogPluginManager: Mounting plugin AssetManagerEditor
LogPluginManager: Mounting plugin CryptoKeys
LogPluginManager: Mounting plugin DataValidation
LogPluginManager: Mounting plugin FacialAnimation
LogPluginManager: Mounting plugin GameplayTagsEditor
LogPluginManager: Mounting plugin MacGraphicsSwitching
LogPluginManager: Mounting plugin MeshEditor
LogPluginManager: Mounting plugin MobileLauncherProfileWizard
LogPluginManager: Mounting plugin PluginBrowser
LogPluginManager: Mounting plugin SpeedTreeImporter
LogPluginManager: Mounting plugin DatasmithContent
LogPluginManager: Mounting plugin AlembicImporter
LogPluginManager: Mounting plugin AppleImageUtils
LogPluginManager: Mounting plugin AppleVision
LogPluginManager: Mounting plugin BackChannel
LogPluginManager: Mounting plugin CharacterAI
LogPluginManager: Mounting plugin GeometryCache
LogPluginManager: Mounting plugin HTML5Networking
LogPluginManager: Mounting plugin ProxyLODPlugin
LogPluginManager: Mounting plugin MagicLeap
LogPluginManager: Mounting plugin MagicLeapEmulator
LogPluginManager: Mounting plugin MagicLeapMedia
LogPluginManager: Mounting plugin AndroidMedia
LogPluginManager: Mounting plugin AvfMedia
LogPluginManager: Mounting plugin ImgMedia
LogPluginManager: Mounting plugin LinearTimecode
LogPluginManager: Mounting plugin MediaCompositing
LogPluginManager: Mounting plugin MediaPlayerEditor
LogPluginManager: Mounting plugin WmfMedia
LogPluginManager: Mounting plugin TcpMessaging
LogPluginManager: Mounting plugin UdpMessaging
LogPluginManager: Mounting plugin ActorSequence
LogPluginManager: Mounting plugin LevelSequenceEditor
LogPluginManager: Mounting plugin MatineeToLevelSequence
LogPluginManager: Mounting plugin NetcodeUnitTest
LogPluginManager: Mounting plugin NUTUnrealEngine4
LogPluginManager: Mounting plugin OnlineSubsystemGooglePlay
LogPluginManager: Mounting plugin OnlineSubsystemIOS
LogPluginManager: Mounting plugin OnlineSubsystem
LogPluginManager: Mounting plugin OnlineSubsystemNull
LogPluginManager: Mounting plugin OnlineSubsystemUtils
LogPluginManager: Mounting plugin LauncherChunkInstaller
LogPluginManager: Mounting plugin AndroidDeviceProfileSelector
LogPluginManager: Mounting plugin AndroidMoviePlayer
LogPluginManager: Mounting plugin AndroidPermission
LogPluginManager: Mounting plugin AppleMoviePlayer
LogPluginManager: Mounting plugin ArchVisCharacter
LogPluginManager: Mounting plugin AudioCapture
LogPluginManager: Mounting plugin CableComponent
LogPluginManager: Mounting plugin CustomMeshComponent
LogPluginManager: Mounting plugin EditableMesh
LogPluginManager: Mounting plugin ExampleDeviceProfileSelector
LogPluginManager: Mounting plugin GoogleCloudMessaging
LogPluginManager: Mounting plugin ImmediatePhysics
LogPluginManager: Mounting plugin IOSDeviceProfileSelector
LogPluginManager: Mounting plugin LinuxDeviceProfileSelector
LogPluginManager: Mounting plugin LocationServicesBPLibrary
LogPluginManager: Mounting plugin MobilePatchingUtils
LogPluginManager: Mounting plugin OculusVR
LogPluginManager: Plugin shader directory ../../../Engine/Plugins/Runtime/Oculus/OculusVR/Shaders found
LogPluginManager: Mapping shader source directory ../../../Engine/Plugins/Runtime/Oculus/OculusVR/Shaders to virtual directory /Plugin/OculusVR
LogPluginManager: Mounting plugin PhysXVehicles
LogPluginManager: Mounting plugin ProceduralMeshComponent
LogPluginManager: Mounting plugin RuntimePhysXCooking
LogPluginManager: Mounting plugin SteamVR
LogPluginManager: Mounting plugin WindowsMoviePlayer
LogStreaming: Display: Took  0.189s to configure plugins.
LogInit: Using libcurl 7.55.1-DEV
LogInit:  - built for x86_64-pc-win32
LogInit:  - supports SSL with OpenSSL/1.0.2h
LogInit:  - supports HTTP deflate (compression) using libz 1.2.8
LogInit:  - other features:
LogInit:      CURL_VERSION_SSL
LogInit:      CURL_VERSION_LIBZ
LogInit:      CURL_VERSION_IPV6
LogInit:      CURL_VERSION_ASYNCHDNS
LogInit:      CURL_VERSION_LARGEFILE
LogInit:      CURL_VERSION_IDN
LogInit:  CurlRequestOptions (configurable via config and command line):
LogInit:  - bVerifyPeer = false  - Libcurl will NOT verify peer certificate
LogInit:  - bUseHttpProxy = false  - Libcurl will NOT use HTTP proxy
LogInit:  - bDontReuseConnections = false  - Libcurl will reuse connections
LogInit:  - CertBundlePath = nullptr  - Libcurl will use whatever was configured at build time.
LogInit:  - MaxHostConnections = 16  - Libcurl will limit the number of connections to a host
LogInit:  - LocalHostAddr = Default
LogInit:  - BufferSize = 65536
LogInit: WinSock: version 1.1 (2.2), MaxSocks=32767, MaxUdp=65467
LogInit: Build: ++UE4+Release-4.20-CL-4369336
LogInit: Engine Version: 4.20.3-4369336+++UE4+Release-4.20
LogInit: Compatible Engine Version: 4.20.0-4212847+++UE4+Release-4.20
LogInit: Net CL: 4212847
LogInit: OS: Windows 10 (), CPU: Intel(R) Core(TM) i7-8750H CPU @ 2.20GHz, GPU: Intel(R) UHD Graphics 630
LogInit: Compiled (64-bit): Sep 17 2018 12:26:19
LogInit: Compiled with Visual C++: 19.13.26129.00
LogInit: Build Configuration: Development
LogInit: Branch Name: ++UE4+Release-4.20
LogInit: Command Line: 
LogInit: Base Directory: C:/Program Files/Epic Games/UE_4.20/Engine/Binaries/Win64/
LogInit: Installed Engine Build: 1
LogDevObjectVersion: Number of dev versions registered: 20
LogDevObjectVersion:   Dev-Blueprints (B0D832E4-1F89-4F0D-ACCF-7EB736FD4AA2): 10
LogDevObjectVersion:   Dev-Build (E1C64328-A22C-4D53-A36C-8E866417BD8C): 0
LogDevObjectVersion:   Dev-Core (375EC13C-06E4-48FB-B500-84F0262A717E): 2
LogDevObjectVersion:   Dev-Editor (E4B068ED-F494-42E9-A231-DA0B2E46BB41): 24
LogDevObjectVersion:   Dev-Framework (CFFC743F-43B0-4480-9391-14DF171D2073): 34
LogDevObjectVersion:   Dev-Mobile (B02B49B5-BB20-44E9-A304-32B752E40360): 2
LogDevObjectVersion:   Dev-Networking (A4E4105C-59A1-49B5-A7C5-40C4547EDFEE): 0
LogDevObjectVersion:   Dev-Online (39C831C9-5AE6-47DC-9A44-9C173E1C8E7C): 0
LogDevObjectVersion:   Dev-Physics (78F01B33-EBEA-4F98-B9B4-84EACCB95AA2): 0
LogDevObjectVersion:   Dev-Platform (6631380F-2D4D-43E0-8009-CF276956A95A): 0
LogDevObjectVersion:   Dev-Rendering (12F88B9F-8875-4AFC-A67C-D90C383ABD29): 26
LogDevObjectVersion:   Dev-Sequencer (7B5AE74C-D270-4C10-A958-57980B212A5A): 9
LogDevObjectVersion:   Dev-VR (D7296918-1DD6-4BDD-9DE2-64A83CC13884): 2
LogDevObjectVersion:   Dev-LoadTimes (C2A15278-BFE7-4AFE-6C17-90FF531DF755): 1
LogDevObjectVersion:   Private-Geometry (6EACA3D4-40EC-4CC1-B786-8BED09428FC5): 3
LogDevObjectVersion:   Dev-AnimPhys (29E575DD-E0A3-4627-9D10-D276232CDCEA): 17
LogDevObjectVersion:   Dev-ReflectionCapture (6B266CEC-1EC7-4B8F-A30B-E4D90942FC07): 1
LogDevObjectVersion:   Dev-Automation (0DF73D61-A23F-47EA-B727-89E90C41499A): 1
LogDevObjectVersion:   FortniteMain (601D1886-AC64-4F84-AA16-D3DE0DEAC7D6): 12
LogDevObjectVersion:   Dev-Enterprise (9DFFBCD6-494F-0158-E221-12823C92A888): 1
LogStreaming: Display: Took  0.000s to delete old logs.
LogInit: Presizing for max 8388607 objects, including 0 objects not considered by GC, pre-allocating 0 bytes for permanent pool.
LogInit: Object subsystem initialized
[2018.11.21-00.35.10:145][  0]LogInit: Selected Device Profile: [Windows]
[2018.11.21-00.35.10:145][  0]LogInit: Applying CVar settings loaded from the selected device profile: [Windows]
[2018.11.21-00.35.10:158][  0]LogHAL: Display: Platform has ~ 16 GB [17018638336 / 17179869184 / 16], which maps to Larger [LargestMinGB=32, LargerMinGB=12, DefaultMinGB=8, SmallerMinGB=6, SmallestMinGB=0)
[2018.11.21-00.35.10:158][  0]LogInit: Setting Device Profile CVar: [[r.Vulkan.UseRealUBs:1]]
[2018.11.21-00.35.10:158][  0]LogInit: Going up to parent DeviceProfile []
[2018.11.21-00.35.10:158][  0]LogInit: Computer: MSI
[2018.11.21-00.35.10:158][  0]LogInit: User: 18199
[2018.11.21-00.35.10:158][  0]LogInit: CPU Page size=4096, Cores=6
[2018.11.21-00.35.10:158][  0]LogInit: High frequency timer resolution =10.000000 MHz
[2018.11.21-00.35.10:158][  0]LogMemory: Memory total: Physical=15.8GB (16GB approx)
[2018.11.21-00.35.10:158][  0]LogMemory: Platform Memory Stats for Windows
[2018.11.21-00.35.10:158][  0]LogMemory: Process Physical Memory: 101.38 MB used, 101.38 MB peak
[2018.11.21-00.35.10:158][  0]LogMemory: Process Virtual Memory: 86.07 MB used, 86.07 MB peak
[2018.11.21-00.35.10:158][  0]LogMemory: Physical Memory: 6660.26 MB used,  9569.98 MB free, 16230.24 MB total
[2018.11.21-00.35.10:158][  0]LogMemory: Virtual Memory: 4654.63 MB used,  9569.98 MB free, 134217728.00 MB total
[2018.11.21-00.35.11:235][  0]LogInit: Using OS detected language (en-US).
[2018.11.21-00.35.11:235][  0]LogInit: Using OS detected locale (en-CA).
[2018.11.21-00.35.11:239][  0]LogTextLocalizationManager: No specific localization for 'en-US' exists, so the 'en' localization will be used.
[2018.11.21-00.35.12:405][  0]LogStreaming: Display: Took  1.171s to InitEngineTextLocalization.
[2018.11.21-00.35.12:552][  0]LogSlate: New Slate User Created.  User Index 0, Is Virtual User: 0
[2018.11.21-00.35.12:552][  0]LogSlate: Slate User Registered.  User Index 0, Is Virtual User: 0
[2018.11.21-00.35.13:676][  0]LogHMD: Failed to initialize OpenVR with code 110
[2018.11.21-00.35.13:676][  0]LogD3D11RHI: D3D11 adapters:
[2018.11.21-00.35.13:844][  0]LogD3D11RHI:    0. 'NVIDIA GeForce GTX 1070' (Feature Level 11_0)
[2018.11.21-00.35.13:844][  0]LogD3D11RHI:       8081/0/8115 MB DedicatedVideo/DedicatedSystem/SharedSystem, Outputs:1, VendorId:0x10de
[2018.11.21-00.35.13:864][  0]LogD3D11RHI:    1. 'Intel(R) UHD Graphics 630' (Feature Level 11_0)
[2018.11.21-00.35.13:864][  0]LogD3D11RHI:       128/0/8115 MB DedicatedVideo/DedicatedSystem/SharedSystem, Outputs:0, VendorId:0x8086
[2018.11.21-00.35.13:866][  0]LogD3D11RHI:    2. 'Microsoft Basic Render Driver' (Feature Level 11_0)
[2018.11.21-00.35.13:866][  0]LogD3D11RHI:       0/0/8115 MB DedicatedVideo/DedicatedSystem/SharedSystem, Outputs:0, VendorId:0x1414
[2018.11.21-00.35.13:866][  0]LogD3D11RHI: Chosen D3D11 Adapter: 0
[2018.11.21-00.35.13:911][  0]LogD3D11RHI: Creating new Direct3DDevice
[2018.11.21-00.35.13:911][  0]LogD3D11RHI:     GPU DeviceId: 0x1ba1 (for the marketing name, search the web for "GPU Device Id")
[2018.11.21-00.35.13:911][  0]LogWindows: EnumDisplayDevices:
[2018.11.21-00.35.13:911][  0]LogWindows:    0. 'Intel(R) UHD Graphics 630' (P:1 D:1)
[2018.11.21-00.35.13:912][  0]LogWindows:    1. 'Intel(R) UHD Graphics 630' (P:0 D:0)
[2018.11.21-00.35.13:913][  0]LogWindows:    2. 'Intel(R) UHD Graphics 630' (P:0 D:0)
[2018.11.21-00.35.13:913][  0]LogWindows:    3. 'NVIDIA GeForce GTX 1070' (P:0 D:0)
[2018.11.21-00.35.13:913][  0]LogWindows:    4. 'NVIDIA GeForce GTX 1070' (P:0 D:0)
[2018.11.21-00.35.13:914][  0]LogWindows:    5. 'NVIDIA GeForce GTX 1070' (P:0 D:0)
[2018.11.21-00.35.13:914][  0]LogWindows:    6. 'NVIDIA GeForce GTX 1070' (P:0 D:0)
[2018.11.21-00.35.13:915][  0]LogWindows: DebugString: PrimaryIsNotTheChoosenAdapter PrimaryIsNotTheChoosenAdapter PrimaryIsNotTheChoosenAdapter FoundDriverCount:4 
[2018.11.21-00.35.13:915][  0]LogD3D11RHI:     Adapter Name: NVIDIA GeForce GTX 1070
[2018.11.21-00.35.13:915][  0]LogD3D11RHI:   Driver Version: 399.01 (internal:24.21.13.9901, unified:399.01)
[2018.11.21-00.35.13:915][  0]LogD3D11RHI:      Driver Date: 8-13-2018
[2018.11.21-00.35.13:915][  0]LogRHI: Texture pool is 5656 MB (70% of 8081 MB)
[2018.11.21-00.35.13:960][  0]LogD3D11RHI: Async texture creation enabled
[2018.11.21-00.35.13:990][  0]LogD3D11RHI: GPU Timing Frequency: 1000.000000 (Debug: 2 2)
[2018.11.21-00.35.13:992][  0]LogShaderCompilers: Guid format shader working directory is 6 characters bigger than the processId version (../../../../../../UE4Projects/SekaiChude/Intermediate/Shaders/WorkingDirectory/9076/).
[2018.11.21-00.35.13:992][  0]LogShaderCompilers: Cleaned the shader compiler working directory 'C:/Users/18199/AppData/Local/Temp/UnrealShaderWorkingDir/766D7E1345164F493BBB8E819F4BA718/'.
[2018.11.21-00.35.14:575][  0]LogTemp: Display: Loaded TP AllDesktopTargetPlatform
[2018.11.21-00.35.14:587][  0]LogTemp: Display: Loaded TP MacClientTargetPlatform
[2018.11.21-00.35.14:600][  0]LogTemp: Display: Loaded TP MacNoEditorTargetPlatform
[2018.11.21-00.35.14:612][  0]LogTemp: Display: Loaded TP MacServerTargetPlatform
[2018.11.21-00.35.14:627][  0]LogTemp: Display: Loaded TP MacTargetPlatform
[2018.11.21-00.35.14:640][  0]LogTemp: Display: Loaded TP WindowsClientTargetPlatform
[2018.11.21-00.35.14:651][  0]LogTemp: Display: Loaded TP WindowsNoEditorTargetPlatform
[2018.11.21-00.35.14:662][  0]LogTemp: Display: Loaded TP WindowsServerTargetPlatform
[2018.11.21-00.35.14:668][  0]LogTemp: Display: Loaded TP WindowsTargetPlatform
[2018.11.21-00.35.14:759][  0]LogTemp: Display: Loaded TP AndroidTargetPlatform
[2018.11.21-00.35.14:759][  0]LogTemp: Display: Loaded TP AndroidTargetPlatform
[2018.11.21-00.35.14:759][  0]LogTemp: Display: Loaded TP AndroidTargetPlatform
[2018.11.21-00.35.14:759][  0]LogTemp: Display: Loaded TP AndroidTargetPlatform
[2018.11.21-00.35.14:759][  0]LogTemp: Display: Loaded TP AndroidTargetPlatform
[2018.11.21-00.35.14:759][  0]LogTemp: Display: Loaded TP AndroidTargetPlatform
[2018.11.21-00.35.14:759][  0]LogTemp: Display: Loaded TP AndroidTargetPlatform
[2018.11.21-00.35.14:759][  0]LogTemp: Display: Loaded TP AndroidTargetPlatform
[2018.11.21-00.35.14:759][  0]LogTemp: Display: Loaded TP AndroidTargetPlatform
[2018.11.21-00.35.14:759][  0]LogTemp: Display: Loaded TP AndroidTargetPlatform
[2018.11.21-00.35.14:759][  0]LogTemp: Display: Loaded TP AndroidTargetPlatform
[2018.11.21-00.35.14:759][  0]LogTemp: Display: Loaded TP AndroidTargetPlatform
[2018.11.21-00.35.14:759][  0]LogTemp: Display: Loaded TP AndroidTargetPlatform
[2018.11.21-00.35.14:759][  0]LogTemp: Display: Loaded TP AndroidTargetPlatform
[2018.11.21-00.35.14:759][  0]LogTemp: Display: Loaded TP AndroidTargetPlatform
[2018.11.21-00.35.14:759][  0]LogTemp: Display: Loaded TP AndroidTargetPlatform
[2018.11.21-00.35.14:759][  0]LogTemp: Display: Loaded TP AndroidTargetPlatform
[2018.11.21-00.35.14:759][  0]LogTemp: Display: Loaded TP AndroidTargetPlatform
[2018.11.21-00.35.14:761][  0]LogTemp: Display: Loaded TP HTML5TargetPlatform
[2018.11.21-00.35.14:832][  0]LogTemp: Display: Loaded TP IOSTargetPlatform
[2018.11.21-00.35.14:832][  0]LogTemp: Display: Loaded TP IOSTargetPlatform
[2018.11.21-00.35.14:879][  0]LogTemp: Display: Loaded TP TVOSTargetPlatform
[2018.11.21-00.35.14:879][  0]LogTemp: Display: Loaded TP TVOSTargetPlatform
[2018.11.21-00.35.14:900][  0]LogTemp: Display: Loaded TP LinuxClientTargetPlatform
[2018.11.21-00.35.14:910][  0]LogTemp: Display: Loaded TP LinuxNoEditorTargetPlatform
[2018.11.21-00.35.14:923][  0]LogTemp: Display: Loaded TP LinuxServerTargetPlatform
[2018.11.21-00.35.14:961][  0]LogTemp: Display: Loaded TP LinuxTargetPlatform
[2018.11.21-00.35.14:979][  0]LogTemp: Display: Loaded TP LuminTargetPlatform
[2018.11.21-00.35.14:979][  0]LogTargetPlatformManager: Display: Building Assets For Windows
[2018.11.21-00.35.15:147][  0]LogXGEController: Cannot use XGE Controller as Incredibuild is not installed on this machine.
[2018.11.21-00.35.15:148][  0]LogShaderCompilers: Cannot use XGE Shader Compiler as Incredibuild is not installed on this machine.
[2018.11.21-00.35.15:148][  0]LogShaderCompilers: Display: Using Local Shader Compiler.
[2018.11.21-00.35.16:172][  0]LogDerivedDataCache: Display: Max Cache Size: 512 MB
[2018.11.21-00.35.16:666][  0]LogDerivedDataCache: Loaded boot cache 0.49s 71MB C:/Users/18199/AppData/Local/UnrealEngine/4.20/DerivedDataCache/Boot.ddc.
[2018.11.21-00.35.16:669][  0]LogDerivedDataCache: Display: Loaded Boot cache: C:/Users/18199/AppData/Local/UnrealEngine/4.20/DerivedDataCache/Boot.ddc
[2018.11.21-00.35.16:669][  0]LogDerivedDataCache: FDerivedDataBackendGraph:  Pak pak cache file ../../../../../../UE4Projects/SekaiChude/DerivedDataCache/DDC.ddp not found, will not use a pak cache.
[2018.11.21-00.35.16:669][  0]LogDerivedDataCache: Unable to find inner node Pak for hierarchical cache Hierarchy.
[2018.11.21-00.35.16:669][  0]LogDerivedDataCache: FDerivedDataBackendGraph:  CompressedPak pak cache file ../../../../../../UE4Projects/SekaiChude/DerivedDataCache/Compressed.ddp not found, will not use a pak cache.
[2018.11.21-00.35.16:669][  0]LogDerivedDataCache: Unable to find inner node CompressedPak for hierarchical cache Hierarchy.
[2018.11.21-00.35.16:716][  0]LogDerivedDataCache: Display: Pak cache opened for reading ../../../Engine/DerivedDataCache/Compressed.ddp.
[2018.11.21-00.35.16:732][  0]LogDerivedDataCache: Using Local data cache path C:/Users/18199/AppData/Local/UnrealEngine/Common/DerivedDataCache: Writable
[2018.11.21-00.35.16:732][  0]LogDerivedDataCache: Shared data cache path not found in *engine.ini, will not use an Shared cache.
[2018.11.21-00.35.16:732][  0]LogDerivedDataCache: Unable to find inner node Shared for hierarchical cache Hierarchy.
[2018.11.21-00.35.16:770][  0]LogMaterial: Verifying Global Shaders for PCD3D_SM5
[2018.11.21-00.35.16:773][  0]LogSlate: Using FreeType 2.6.0
[2018.11.21-00.35.16:776][  0]LogSlate: SlateFontServices - WITH_FREETYPE: 1, WITH_HARFBUZZ: 1
[2018.11.21-00.35.17:182][  0]LogAssetRegistry: FAssetRegistry took 0.0476 seconds to start up
[2018.11.21-00.35.17:539][  0]LogInit: Selected Device Profile: [Windows]
[2018.11.21-00.35.17:696][  0]LogSimplygon: Simplygon DLL not present - disabling.
[2018.11.21-00.35.17:699][  0]LogMeshReduction: Using SimplygonSwarm for distributed automatic mesh merging
[2018.11.21-00.35.17:699][  0]LogMeshReduction: Using ProxyLODMeshReduction for automatic mesh merging
[2018.11.21-00.35.17:699][  0]LogMeshReduction: Using QuadricMeshReduction for automatic static mesh reduction
[2018.11.21-00.35.17:699][  0]LogMeshReduction: No automatic skeletal mesh reduction module available
[2018.11.21-00.35.17:715][  0]LogNetVersion: SekaiChude 1.0.0, NetCL: 4212847, EngineNetVer: 5, GameNetVer: 0 (Checksum: 536650890)
[2018.11.21-00.35.18:951][  0]LogPackageLocalizationCache: Processed 11 localized package path(s) for 2 prioritized culture(s) in 0.185205 seconds
[2018.11.21-00.35.18:964][  0]LogUObjectArray: 38425 objects as part of root set at end of initial load.
[2018.11.21-00.35.18:964][  0]LogUObjectAllocator: 6690872 out of 0 bytes used by permanent object pool.
[2018.11.21-00.35.18:964][  0]LogUObjectArray: CloseDisregardForGC: 0/0 objects in disregard for GC pool
[2018.11.21-00.35.22:724][  0]LogTcpMessaging: Initializing TcpMessaging bridge
[2018.11.21-00.35.22:768][  0]LogUdpMessaging: Initializing bridge on interface 0.0.0.0:0 to multicast group 230.0.0.1:6666.
[2018.11.21-00.35.23:188][  0]SourceControl: Source control is disabled
[2018.11.21-00.35.23:188][  0]SourceControl: Source control is disabled
[2018.11.21-00.35.23:194][  0]SourceControl: Source control is disabled
[2018.11.21-00.35.23:199][  0]SourceControl: Source control is disabled
[2018.11.21-00.35.23:488][  0]LogAndroidPermission: UAndroidPermissionCallbackProxy::GetInstance
[2018.11.21-00.35.23:710][  0]LogOcInput: OculusInput pre-init called
[2018.11.21-00.35.23:865][  0]LogEngine: Initializing Engine...
[2018.11.21-00.35.23:866][  0]LogHMD: Failed to initialize OpenVR with code 110
[2018.11.21-00.35.23:867][  0]LogStats: UGameplayTagsManager::ConstructGameplayTagTree: ImportINI prefixes -  0.000 s
[2018.11.21-00.35.23:867][  0]LogStats: UGameplayTagsManager::ConstructGameplayTagTree: Construct from data asset -  0.000 s
[2018.11.21-00.35.23:867][  0]LogStats: UGameplayTagsManager::ConstructGameplayTagTree: ImportINI -  0.000 s
[2018.11.21-00.35.23:867][  0]LogStats: UGameplayTagsManager::ConstructGameplayTagTree: GameplayTagTreeChangedEvent.Broadcast -  0.000 s
[2018.11.21-00.35.24:418][  0]LogInit: Initializing FReadOnlyCVARCache
[2018.11.21-00.35.24:433][  0]LogAIModule: Creating AISystem for world Untitled
[2018.11.21-00.35.24:444][  0]LogInit: XAudio2 using 'Speakers (Realtek(R) Audio)' : 6 channels at 48 kHz using 32 bits per sample (channel mask 0x3f)
[2018.11.21-00.35.25:158][  0]LogInit: FAudioDevice initialized.
[2018.11.21-00.35.25:159][  0]LogNetVersion: Set ProjectVersion to 1.0.0.0. Version Checksum will be recalculated on next use.
[2018.11.21-00.35.25:233][  0]LogDerivedDataCache: Saved boot cache 0.07s 71MB C:/Users/18199/AppData/Local/UnrealEngine/4.20/DerivedDataCache/Boot.ddc.
[2018.11.21-00.35.25:234][  0]LogInit: Texture streaming: Enabled
[2018.11.21-00.35.25:251][  0]LogEngineSessionManager: EngineSessionManager initialized
[2018.11.21-00.35.25:261][  0]LogInit: Transaction tracking system initialized
[2018.11.21-00.35.25:284][  0]BlueprintLog: New page: Editor Load
[2018.11.21-00.35.25:663][  0]LocalizationService: Localization service is disabled
[2018.11.21-00.35.26:474][  0]LogCook: Display: Max memory allowance for cook 16384mb min free memory 0mb
[2018.11.21-00.35.26:475][  0]LogCook: Display: Mobile HDR setting 1
[2018.11.21-00.35.26:475][  0]LogGameplayTags: Display: UGameplayTagsManager::DoneAddingNativeTags. DelegateIsBound: 0
[2018.11.21-00.35.26:475][  0]LogStats: UGameplayTagsManager::ConstructGameplayTagTree: ImportINI prefixes -  0.000 s
[2018.11.21-00.35.26:475][  0]LogStats: UGameplayTagsManager::ConstructGameplayTagTree: Construct from data asset -  0.000 s
[2018.11.21-00.35.26:475][  0]LogStats: UGameplayTagsManager::ConstructGameplayTagTree: ImportINI -  0.000 s
[2018.11.21-00.35.26:476][  0]LogStats: UGameplayTagsManager::ConstructGameplayTagTree: GameplayTagTreeChangedEvent.Broadcast -  0.000 s
[2018.11.21-00.35.26:633][  0]LogFileCache: Scanning file cache for directory 'C:/UE4Projects/SekaiChude/Content/' took 0.02s
[2018.11.21-00.35.26:730][  0]SourceControl: Source control is disabled
[2018.11.21-00.35.26:731][  0]LogFactory: FactoryCreateFile: PackFactory with PackFactory (0 0 C:/Program Files/Epic Games/UE_4.20/FeaturePacks/StarterContent.upack)
[2018.11.21-00.35.26:754][  0]LogPackFactory: Finished extracting 8 files (including 0 errors).
[2018.11.21-00.35.26:756][  0]LogPackFactory: Copied "../../../Samples/StarterContent/Content/StarterContent/Architecture/Floor_400x400.uasset" to "../../../../../../UE4Projects/SekaiChude/Content/StarterContent/Architecture/Floor_400x400.uasset"
[2018.11.21-00.35.26:757][  0]LogPackFactory: Copied "../../../Samples/StarterContent/Content/StarterContent/Architecture/Pillar_50x500.uasset" to "../../../../../../UE4Projects/SekaiChude/Content/StarterContent/Architecture/Pillar_50x500.uasset"
[2018.11.21-00.35.26:768][  0]LogPackFactory: Copied "../../../Samples/StarterContent/Content/StarterContent/Architecture/SM_AssetPlatform.uasset" to "../../../../../../UE4Projects/SekaiChude/Content/StarterContent/Architecture/SM_AssetPlatform.uasset"
[2018.11.21-00.35.26:770][  0]LogPackFactory: Copied "../../../Samples/StarterContent/Content/StarterContent/Architecture/Wall_400x200.uasset" to "../../../../../../UE4Projects/SekaiChude/Content/StarterContent/Architecture/Wall_400x200.uasset"
[2018.11.21-00.35.26:772][  0]LogPackFactory: Copied "../../../Samples/StarterContent/Content/StarterContent/Architecture/Wall_400x300.uasset" to "../../../../../../UE4Projects/SekaiChude/Content/StarterContent/Architecture/Wall_400x300.uasset"
[2018.11.21-00.35.26:774][  0]LogPackFactory: Copied "../../../Samples/StarterContent/Content/StarterContent/Architecture/Wall_400x400.uasset" to "../../../../../../UE4Projects/SekaiChude/Content/StarterContent/Architecture/Wall_400x400.uasset"
[2018.11.21-00.35.26:777][  0]LogPackFactory: Copied "../../../Samples/StarterContent/Content/StarterContent/Architecture/Wall_500x500.uasset" to "../../../../../../UE4Projects/SekaiChude/Content/StarterContent/Architecture/Wall_500x500.uasset"
[2018.11.21-00.35.26:779][  0]LogPackFactory: Copied "../../../Samples/StarterContent/Content/StarterContent/Architecture/Wall_Door_400x300.uasset" to "../../../../../../UE4Projects/SekaiChude/Content/StarterContent/Architecture/Wall_Door_400x300.uasset"
[2018.11.21-00.35.26:781][  0]LogPackFactory: Copied "../../../Samples/StarterContent/Content/StarterContent/Architecture/Wall_Door_400x400.uasset" to "../../../../../../UE4Projects/SekaiChude/Content/StarterContent/Architecture/Wall_Door_400x400.uasset"
[2018.11.21-00.35.26:784][  0]LogPackFactory: Copied "../../../Samples/StarterContent/Content/StarterContent/Architecture/Wall_Window_400x300.uasset" to "../../../../../../UE4Projects/SekaiChude/Content/StarterContent/Architecture/Wall_Window_400x300.uasset"
[2018.11.21-00.35.26:786][  0]LogPackFactory: Copied "../../../Samples/StarterContent/Content/StarterContent/Architecture/Wall_Window_400x400.uasset" to "../../../../../../UE4Projects/SekaiChude/Content/StarterContent/Architecture/Wall_Window_400x400.uasset"
[2018.11.21-00.35.26:791][  0]LogPackFactory: Copied "../../../Samples/StarterContent/Content/StarterContent/Audio/Collapse01.uasset" to "../../../../../../UE4Projects/SekaiChude/Content/StarterContent/Audio/Collapse01.uasset"
[2018.11.21-00.35.26:796][  0]LogPackFactory: Copied "../../../Samples/StarterContent/Content/StarterContent/Audio/Collapse02.uasset" to "../../../../../../UE4Projects/SekaiChude/Content/StarterContent/Audio/Collapse02.uasset"
[2018.11.21-00.35.26:799][  0]LogPackFactory: Copied "../../../Samples/StarterContent/Content/StarterContent/Audio/Collapse_Cue.uasset" to "../../../../../../UE4Projects/SekaiChude/Content/StarterContent/Audio/Collapse_Cue.uasset"
[2018.11.21-00.35.26:804][  0]LogPackFactory: Copied "../../../Samples/StarterContent/Content/StarterContent/Audio/Explosion01.uasset" to "../../../../../../UE4Projects/SekaiChude/Content/StarterContent/Audio/Explosion01.uasset"
[2018.11.21-00.35.26:810][  0]LogPackFactory: Copied "../../../Samples/StarterContent/Content/StarterContent/Audio/Explosion02.uasset" to "../../../../../../UE4Projects/SekaiChude/Content/StarterContent/Audio/Explosion02.uasset"
[2018.11.21-00.35.26:812][  0]LogPackFactory: Copied "../../../Samples/StarterContent/Content/StarterContent/Audio/Explosion_Cue.uasset" to "../../../../../../UE4Projects/SekaiChude/Content/StarterContent/Audio/Explosion_Cue.uasset"
[2018.11.21-00.35.26:821][  0]LogPackFactory: Copied "../../../Samples/StarterContent/Content/StarterContent/Audio/Fire01.uasset" to "../../../../../../UE4Projects/SekaiChude/Content/StarterContent/Audio/Fire01.uasset"
[2018.11.21-00.35.26:824][  0]LogPackFactory: Copied "../../../Samples/StarterContent/Content/StarterContent/Audio/Fire01_Cue.uasset" to "../../../../../../UE4Projects/SekaiChude/Content/StarterContent/Audio/Fire01_Cue.uasset"
[2018.11.21-00.35.26:834][  0]LogPackFactory: Copied "../../../Samples/StarterContent/Content/StarterContent/Audio/Fire_Sparks01.uasset" to "../../../../../../UE4Projects/SekaiChude/Content/StarterContent/Audio/Fire_Sparks01.uasset"
[2018.11.21-00.35.26:837][  0]LogPackFactory: Copied "../../../Samples/StarterContent/Content/StarterContent/Audio/Fire_Sparks01_Cue.uasset" to "../../../../../../UE4Projects/SekaiChude/Content/StarterContent/Audio/Fire_Sparks01_Cue.uasset"
[2018.11.21-00.35.26:843][  0]LogPackFactory: Copied "../../../Samples/StarterContent/Content/StarterContent/Audio/Light01.uasset" to "../../../../../../UE4Projects/SekaiChude/Content/StarterContent/Audio/Light01.uasset"
[2018.11.21-00.35.26:846][  0]LogPackFactory: Copied "../../../Samples/StarterContent/Content/StarterContent/Audio/Light01_Cue.uasset" to "../../../../../../UE4Projects/SekaiChude/Content/StarterContent/Audio/Light01_Cue.uasset"
[2018.11.21-00.35.26:852][  0]LogPackFactory: Copied "../../../Samples/StarterContent/Content/StarterContent/Audio/Light02.uasset" to "../../../../../../UE4Projects/SekaiChude/Content/StarterContent/Audio/Light02.uasset"
[2018.11.21-00.35.26:854][  0]LogPackFactory: Copied "../../../Samples/StarterContent/Content/StarterContent/Audio/Light02_Cue.uasset" to "../../../../../../UE4Projects/SekaiChude/Content/StarterContent/Audio/Light02_Cue.uasset"
[2018.11.21-00.35.26:861][  0]LogPackFactory: Copied "../../../Samples/StarterContent/Content/StarterContent/Audio/Smoke01.uasset" to "../../../../../../UE4Projects/SekaiChude/Content/StarterContent/Audio/Smoke01.uasset"
[2018.11.21-00.35.26:863][  0]LogPackFactory: Copied "../../../Samples/StarterContent/Content/StarterContent/Audio/Smoke01_Cue.uasset" to "../../../../../../UE4Projects/SekaiChude/Content/StarterContent/Audio/Smoke01_Cue.uasset"
[2018.11.21-00.35.26:865][  0]LogPackFactory: Copied "../../../Samples/StarterContent/Content/StarterContent/Audio/Starter_Background_Cue.uasset" to "../../../../../../UE4Projects/SekaiChude/Content/StarterContent/Audio/Starter_Background_Cue.uasset"
[2018.11.21-00.35.26:879][  0]LogPackFactory: Copied "../../../Samples/StarterContent/Content/StarterContent/Audio/Starter_Birds01.uasset" to "../../../../../../UE4Projects/SekaiChude/Content/StarterContent/Audio/Starter_Birds01.uasset"
[2018.11.21-00.35.26:899][  0]LogPackFactory: Copied "../../../Samples/StarterContent/Content/StarterContent/Audio/Starter_Music01.uasset" to "../../../../../../UE4Projects/SekaiChude/Content/StarterContent/Audio/Starter_Music01.uasset"
[2018.11.21-00.35.26:900][  0]LogPackFactory: Copied "../../../Samples/StarterContent/Content/StarterContent/Audio/Starter_Music_Cue.uasset" to "../../../../../../UE4Projects/SekaiChude/Content/StarterContent/Audio/Starter_Music_Cue.uasset"
[2018.11.21-00.35.26:912][  0]LogPackFactory: Copied "../../../Samples/StarterContent/Content/StarterContent/Audio/Starter_Wind05.uasset" to "../../../../../../UE4Projects/SekaiChude/Content/StarterContent/Audio/Starter_Wind05.uasset"
[2018.11.21-00.35.26:924][  0]LogPackFactory: Copied "../../../Samples/StarterContent/Content/StarterContent/Audio/Starter_Wind06.uasset" to "../../../../../../UE4Projects/SekaiChude/Content/StarterContent/Audio/Starter_Wind06.uasset"
[2018.11.21-00.35.26:932][  0]LogPackFactory: Copied "../../../Samples/StarterContent/Content/StarterContent/Audio/Steam01.uasset" to "../../../../../../UE4Projects/SekaiChude/Content/StarterContent/Audio/Steam01.uasset"
[2018.11.21-00.35.26:933][  0]LogPackFactory: Copied "../../../Samples/StarterContent/Content/StarterContent/Audio/Steam01_Cue.uasset" to "../../../../../../UE4Projects/SekaiChude/Content/StarterContent/Audio/Steam01_Cue.uasset"
[2018.11.21-00.35.26:935][  0]LogPackFactory: Copied "../../../Samples/StarterContent/Content/StarterContent/Blueprints/Blueprint_CeilingLight.uasset" to "../../../../../../UE4Projects/SekaiChude/Content/StarterContent/Blueprints/Blueprint_CeilingLight.uasset"
[2018.11.21-00.35.26:936][  0]LogPackFactory: Copied "../../../Samples/StarterContent/Content/StarterContent/Blueprints/Blueprint_Effect_Explosion.uasset" to "../../../../../../UE4Projects/SekaiChude/Content/StarterContent/Blueprints/Blueprint_Effect_Explosion.uasset"
[2018.11.21-00.35.26:938][  0]LogPackFactory: Copied "../../../Samples/StarterContent/Content/StarterContent/Blueprints/Blueprint_Effect_Fire.uasset" to "../../../../../../UE4Projects/SekaiChude/Content/StarterContent/Blueprints/Blueprint_Effect_Fire.uasset"
[2018.11.21-00.35.26:939][  0]LogPackFactory: Copied "../../../Samples/StarterContent/Content/StarterContent/Blueprints/Blueprint_Effect_Smoke.uasset" to "../../../../../../UE4Projects/SekaiChude/Content/StarterContent/Blueprints/Blueprint_Effect_Smoke.uasset"
[2018.11.21-00.35.26:940][  0]LogPackFactory: Copied "../../../Samples/StarterContent/Content/StarterContent/Blueprints/Blueprint_Effect_Sparks.uasset" to "../../../../../../UE4Projects/SekaiChude/Content/StarterContent/Blueprints/Blueprint_Effect_Sparks.uasset"
[2018.11.21-00.35.26:941][  0]LogPackFactory: Copied "../../../Samples/StarterContent/Content/StarterContent/Blueprints/Blueprint_Effect_Steam.uasset" to "../../../../../../UE4Projects/SekaiChude/Content/StarterContent/Blueprints/Blueprint_Effect_Steam.uasset"
[2018.11.21-00.35.26:943][  0]LogPackFactory: Copied "../../../Samples/StarterContent/Content/StarterContent/Blueprints/Blueprint_WallSconce.uasset" to "../../../../../../UE4Projects/SekaiChude/Content/StarterContent/Blueprints/Blueprint_WallSconce.uasset"
[2018.11.21-00.35.26:948][  0]LogPackFactory: Copied "../../../Samples/StarterContent/Content/StarterContent/Blueprints/BP_LightStudio.uasset" to "../../../../../../UE4Projects/SekaiChude/Content/StarterContent/Blueprints/BP_LightStudio.uasset"
[2018.11.21-00.35.26:951][  0]LogPackFactory: Copied "../../../Samples/StarterContent/Content/StarterContent/Blueprints/Assets/FogBrightnessLUT.uasset" to "../../../../../../UE4Projects/SekaiChude/Content/StarterContent/Blueprints/Assets/FogBrightnessLUT.uasset"
[2018.11.21-00.35.26:953][  0]LogPackFactory: Copied "../../../Samples/StarterContent/Content/StarterContent/Blueprints/Assets/M_LightStage_Arrows.uasset" to "../../../../../../UE4Projects/SekaiChude/Content/StarterContent/Blueprints/Assets/M_LightStage_Arrows.uasset"
[2018.11.21-00.35.26:956][  0]LogPackFactory: Copied "../../../Samples/StarterContent/Content/StarterContent/Blueprints/Assets/M_LightStage_Skybox_Black.uasset" to "../../../../../../UE4Projects/SekaiChude/Content/StarterContent/Blueprints/Assets/M_LightStage_Skybox_Black.uasset"
[2018.11.21-00.35.26:959][  0]LogPackFactory: Copied "../../../Samples/StarterContent/Content/StarterContent/Blueprints/Assets/M_LightStage_Skybox_HDRI.uasset" to "../../../../../../UE4Projects/SekaiChude/Content/StarterContent/Blueprints/Assets/M_LightStage_Skybox_HDRI.uasset"
[2018.11.21-00.35.26:962][  0]LogPackFactory: Copied "../../../Samples/StarterContent/Content/StarterContent/Blueprints/Assets/M_LightStage_Skybox_Master.uasset" to "../../../../../../UE4Projects/SekaiChude/Content/StarterContent/Blueprints/Assets/M_LightStage_Skybox_Master.uasset"
[2018.11.21-00.35.26:971][  0]LogPackFactory: Copied "../../../Samples/StarterContent/Content/StarterContent/Blueprints/Assets/Skybox.uasset" to "../../../../../../UE4Projects/SekaiChude/Content/StarterContent/Blueprints/Assets/Skybox.uasset"
[2018.11.21-00.35.26:977][  0]LogPackFactory: Copied "../../../Samples/StarterContent/Content/StarterContent/Blueprints/Assets/SM_Arrows.uasset" to "../../../../../../UE4Projects/SekaiChude/Content/StarterContent/Blueprints/Assets/SM_Arrows.uasset"
[2018.11.21-00.35.26:979][  0]LogPackFactory: Copied "../../../Samples/StarterContent/Content/StarterContent/Blueprints/Assets/SunlightColorLUT.uasset" to "../../../../../../UE4Projects/SekaiChude/Content/StarterContent/Blueprints/Assets/SunlightColorLUT.uasset"
[2018.11.21-00.35.27:360][  0]LogPackFactory: Copied "../../../Samples/StarterContent/Content/StarterContent/HDRI/HDRI_Epic_Courtyard_Daylight.uasset" to "../../../../../../UE4Projects/SekaiChude/Content/StarterContent/HDRI/HDRI_Epic_Courtyard_Daylight.uasset"
[2018.11.21-00.35.27:365][  0]LogPackFactory: Copied "../../../Samples/StarterContent/Content/StarterContent/Maps/Advanced_Lighting.umap" to "../../../../../../UE4Projects/SekaiChude/Content/StarterContent/Maps/Advanced_Lighting.umap"
[2018.11.21-00.35.27:383][  0]LogPackFactory: Copied "../../../Samples/StarterContent/Content/StarterContent/Maps/Advanced_Lighting_BuiltData.uasset" to "../../../../../../UE4Projects/SekaiChude/Content/StarterContent/Maps/Advanced_Lighting_BuiltData.uasset"
[2018.11.21-00.35.27:396][  0]LogPackFactory: Copied "../../../Samples/StarterContent/Content/StarterContent/Maps/Minimal_Default.umap" to "../../../../../../UE4Projects/SekaiChude/Content/StarterContent/Maps/Minimal_Default.umap"
[2018.11.21-00.35.27:462][  0]LogPackFactory: Copied "../../../Samples/StarterContent/Content/StarterContent/Maps/Minimal_Default_BuiltData.uasset" to "../../../../../../UE4Projects/SekaiChude/Content/StarterContent/Maps/Minimal_Default_BuiltData.uasset"
[2018.11.21-00.35.27:473][  0]LogPackFactory: Copied "../../../Samples/StarterContent/Content/StarterContent/Maps/StarterMap.umap" to "../../../../../../UE4Projects/SekaiChude/Content/StarterContent/Maps/StarterMap.umap"
[2018.11.21-00.35.27:655][  0]LogPackFactory: Copied "../../../Samples/StarterContent/Content/StarterContent/Maps/StarterMap_BuiltData.uasset" to "../../../../../../UE4Projects/SekaiChude/Content/StarterContent/Maps/StarterMap_BuiltData.uasset"
[2018.11.21-00.35.27:660][  0]LogPackFactory: Copied "../../../Samples/StarterContent/Content/StarterContent/Materials/M_AssetPlatform.uasset" to "../../../../../../UE4Projects/SekaiChude/Content/StarterContent/Materials/M_AssetPlatform.uasset"
[2018.11.21-00.35.27:665][  0]LogPackFactory: Copied "../../../Samples/StarterContent/Content/StarterContent/Materials/M_Basic_Floor.uasset" to "../../../../../../UE4Projects/SekaiChude/Content/StarterContent/Materials/M_Basic_Floor.uasset"
[2018.11.21-00.35.27:672][  0]LogPackFactory: Copied "../../../Samples/StarterContent/Content/StarterContent/Materials/M_Basic_Wall.uasset" to "../../../../../../UE4Projects/SekaiChude/Content/StarterContent/Materials/M_Basic_Wall.uasset"
[2018.11.21-00.35.27:677][  0]LogPackFactory: Copied "../../../Samples/StarterContent/Content/StarterContent/Materials/M_Brick_Clay_Beveled.uasset" to "../../../../../../UE4Projects/SekaiChude/Content/StarterContent/Materials/M_Brick_Clay_Beveled.uasset"
[2018.11.21-00.35.27:683][  0]LogPackFactory: Copied "../../../Samples/StarterContent/Content/StarterContent/Materials/M_Brick_Clay_New.uasset" to "../../../../../../UE4Projects/SekaiChude/Content/StarterContent/Materials/M_Brick_Clay_New.uasset"
[2018.11.21-00.35.27:690][  0]LogPackFactory: Copied "../../../Samples/StarterContent/Content/StarterContent/Materials/M_Brick_Clay_Old.uasset" to "../../../../../../UE4Projects/SekaiChude/Content/StarterContent/Materials/M_Brick_Clay_Old.uasset"
[2018.11.21-00.35.27:695][  0]LogPackFactory: Copied "../../../Samples/StarterContent/Content/StarterContent/Materials/M_Brick_Cut_Stone.uasset" to "../../../../../../UE4Projects/SekaiChude/Content/StarterContent/Materials/M_Brick_Cut_Stone.uasset"
[2018.11.21-00.35.27:701][  0]LogPackFactory: Copied "../../../Samples/StarterContent/Content/StarterContent/Materials/M_Brick_Hewn_Stone.uasset" to "../../../../../../UE4Projects/SekaiChude/Content/StarterContent/Materials/M_Brick_Hewn_Stone.uasset"
[2018.11.21-00.35.27:708][  0]LogPackFactory: Copied "../../../Samples/StarterContent/Content/StarterContent/Materials/M_Ceramic_Tile_Checker.uasset" to "../../../../../../UE4Projects/SekaiChude/Content/StarterContent/Materials/M_Ceramic_Tile_Checker.uasset"
[2018.11.21-00.35.27:714][  0]LogPackFactory: Copied "../../../Samples/StarterContent/Content/StarterContent/Materials/M_CobbleStone_Pebble.uasset" to "../../../../../../UE4Projects/SekaiChude/Content/StarterContent/Materials/M_CobbleStone_Pebble.uasset"
[2018.11.21-00.35.27:722][  0]LogPackFactory: Copied "../../../Samples/StarterContent/Content/StarterContent/Materials/M_CobbleStone_Rough.uasset" to "../../../../../../UE4Projects/SekaiChude/Content/StarterContent/Materials/M_CobbleStone_Rough.uasset"
[2018.11.21-00.35.27:729][  0]LogPackFactory: Copied "../../../Samples/StarterContent/Content/StarterContent/Materials/M_CobbleStone_Smooth.uasset" to "../../../../../../UE4Projects/SekaiChude/Content/StarterContent/Materials/M_CobbleStone_Smooth.uasset"
[2018.11.21-00.35.27:734][  0]LogPackFactory: Copied "../../../Samples/StarterContent/Content/StarterContent/Materials/M_ColorGrid_LowSpec.uasset" to "../../../../../../UE4Projects/SekaiChude/Content/StarterContent/Materials/M_ColorGrid_LowSpec.uasset"
[2018.11.21-00.35.27:740][  0]LogPackFactory: Copied "../../../Samples/StarterContent/Content/StarterContent/Materials/M_Concrete_Grime.uasset" to "../../../../../../UE4Projects/SekaiChude/Content/StarterContent/Materials/M_Concrete_Grime.uasset"
[2018.11.21-00.35.27:746][  0]LogPackFactory: Copied "../../../Samples/StarterContent/Content/StarterContent/Materials/M_Concrete_Panels.uasset" to "../../../../../../UE4Projects/SekaiChude/Content/StarterContent/Materials/M_Concrete_Panels.uasset"
[2018.11.21-00.35.27:751][  0]LogPackFactory: Copied "../../../Samples/StarterContent/Content/StarterContent/Materials/M_Concrete_Poured.uasset" to "../../../../../../UE4Projects/SekaiChude/Content/StarterContent/Materials/M_Concrete_Poured.uasset"
[2018.11.21-00.35.27:758][  0]LogPackFactory: Copied "../../../Samples/StarterContent/Content/StarterContent/Materials/M_Concrete_Tiles.uasset" to "../../../../../../UE4Projects/SekaiChude/Content/StarterContent/Materials/M_Concrete_Tiles.uasset"
[2018.11.21-00.35.27:763][  0]LogPackFactory: Copied "../../../Samples/StarterContent/Content/StarterContent/Materials/M_Glass.uasset" to "../../../../../../UE4Projects/SekaiChude/Content/StarterContent/Materials/M_Glass.uasset"
[2018.11.21-00.35.27:769][  0]LogPackFactory: Copied "../../../Samples/StarterContent/Content/StarterContent/Materials/M_Ground_Grass.uasset" to "../../../../../../UE4Projects/SekaiChude/Content/StarterContent/Materials/M_Ground_Grass.uasset"
[2018.11.21-00.35.27:778][  0]LogPackFactory: Copied "../../../Samples/StarterContent/Content/StarterContent/Materials/M_Ground_Gravel.uasset" to "../../../../../../UE4Projects/SekaiChude/Content/StarterContent/Materials/M_Ground_Gravel.uasset"
[2018.11.21-00.35.27:784][  0]LogPackFactory: Copied "../../../Samples/StarterContent/Content/StarterContent/Materials/M_Ground_Moss.uasset" to "../../../../../../UE4Projects/SekaiChude/Content/StarterContent/Materials/M_Ground_Moss.uasset"
[2018.11.21-00.35.27:789][  0]LogPackFactory: Copied "../../../Samples/StarterContent/Content/StarterContent/Materials/M_Metal_Brushed_Nickel.uasset" to "../../../../../../UE4Projects/SekaiChude/Content/StarterContent/Materials/M_Metal_Brushed_Nickel.uasset"
[2018.11.21-00.35.27:795][  0]LogPackFactory: Copied "../../../Samples/StarterContent/Content/StarterContent/Materials/M_Metal_Burnished_Steel.uasset" to "../../../../../../UE4Projects/SekaiChude/Content/StarterContent/Materials/M_Metal_Burnished_Steel.uasset"
[2018.11.21-00.35.27:799][  0]LogPackFactory: Copied "../../../Samples/StarterContent/Content/StarterContent/Materials/M_Metal_Chrome.uasset" to "../../../../../../UE4Projects/SekaiChude/Content/StarterContent/Materials/M_Metal_Chrome.uasset"
[2018.11.21-00.35.27:804][  0]LogPackFactory: Copied "../../../Samples/StarterContent/Content/StarterContent/Materials/M_Metal_Copper.uasset" to "../../../../../../UE4Projects/SekaiChude/Content/StarterContent/Materials/M_Metal_Copper.uasset"
[2018.11.21-00.35.27:811][  0]LogPackFactory: Copied "../../../Samples/StarterContent/Content/StarterContent/Materials/M_Metal_Gold.uasset" to "../../../../../../UE4Projects/SekaiChude/Content/StarterContent/Materials/M_Metal_Gold.uasset"
[2018.11.21-00.35.27:816][  0]LogPackFactory: Copied "../../../Samples/StarterContent/Content/StarterContent/Materials/M_Metal_Rust.uasset" to "../../../../../../UE4Projects/SekaiChude/Content/StarterContent/Materials/M_Metal_Rust.uasset"
[2018.11.21-00.35.27:821][  0]LogPackFactory: Copied "../../../Samples/StarterContent/Content/StarterContent/Materials/M_Metal_Steel.uasset" to "../../../../../../UE4Projects/SekaiChude/Content/StarterContent/Materials/M_Metal_Steel.uasset"
[2018.11.21-00.35.27:826][  0]LogPackFactory: Copied "../../../Samples/StarterContent/Content/StarterContent/Materials/M_Rock_Basalt.uasset" to "../../../../../../UE4Projects/SekaiChude/Content/StarterContent/Materials/M_Rock_Basalt.uasset"
[2018.11.21-00.35.27:832][  0]LogPackFactory: Copied "../../../Samples/StarterContent/Content/StarterContent/Materials/M_Rock_Marble_Polished.uasset" to "../../../../../../UE4Projects/SekaiChude/Content/StarterContent/Materials/M_Rock_Marble_Polished.uasset"
[2018.11.21-00.35.27:837][  0]LogPackFactory: Copied "../../../Samples/StarterContent/Content/StarterContent/Materials/M_Rock_Sandstone.uasset" to "../../../../../../UE4Projects/SekaiChude/Content/StarterContent/Materials/M_Rock_Sandstone.uasset"
[2018.11.21-00.35.27:842][  0]LogPackFactory: Copied "../../../Samples/StarterContent/Content/StarterContent/Materials/M_Rock_Slate.uasset" to "../../../../../../UE4Projects/SekaiChude/Content/StarterContent/Materials/M_Rock_Slate.uasset"
[2018.11.21-00.35.27:848][  0]LogPackFactory: Copied "../../../Samples/StarterContent/Content/StarterContent/Materials/M_Tech_Checker_Dot.uasset" to "../../../../../../UE4Projects/SekaiChude/Content/StarterContent/Materials/M_Tech_Checker_Dot.uasset"
[2018.11.21-00.35.27:854][  0]LogPackFactory: Copied "../../../Samples/StarterContent/Content/StarterContent/Materials/M_Tech_Hex_Tile.uasset" to "../../../../../../UE4Projects/SekaiChude/Content/StarterContent/Materials/M_Tech_Hex_Tile.uasset"
[2018.11.21-00.35.27:860][  0]LogPackFactory: Copied "../../../Samples/StarterContent/Content/StarterContent/Materials/M_Tech_Hex_Tile_Pulse.uasset" to "../../../../../../UE4Projects/SekaiChude/Content/StarterContent/Materials/M_Tech_Hex_Tile_Pulse.uasset"
[2018.11.21-00.35.27:865][  0]LogPackFactory: Copied "../../../Samples/StarterContent/Content/StarterContent/Materials/M_Tech_Panel.uasset" to "../../../../../../UE4Projects/SekaiChude/Content/StarterContent/Materials/M_Tech_Panel.uasset"
[2018.11.21-00.35.27:869][  0]LogPackFactory: Copied "../../../Samples/StarterContent/Content/StarterContent/Materials/M_Water_Lake.uasset" to "../../../../../../UE4Projects/SekaiChude/Content/StarterContent/Materials/M_Water_Lake.uasset"
[2018.11.21-00.35.27:875][  0]LogPackFactory: Copied "../../../Samples/StarterContent/Content/StarterContent/Materials/M_Water_Ocean.uasset" to "../../../../../../UE4Projects/SekaiChude/Content/StarterContent/Materials/M_Water_Ocean.uasset"
[2018.11.21-00.35.27:880][  0]LogPackFactory: Copied "../../../Samples/StarterContent/Content/StarterContent/Materials/M_Wood_Floor_Walnut_Polished.uasset" to "../../../../../../UE4Projects/SekaiChude/Content/StarterContent/Materials/M_Wood_Floor_Walnut_Polished.uasset"
[2018.11.21-00.35.27:886][  0]LogPackFactory: Copied "../../../Samples/StarterContent/Content/StarterContent/Materials/M_Wood_Floor_Walnut_Worn.uasset" to "../../../../../../UE4Projects/SekaiChude/Content/StarterContent/Materials/M_Wood_Floor_Walnut_Worn.uasset"
[2018.11.21-00.35.27:891][  0]LogPackFactory: Copied "../../../Samples/StarterContent/Content/StarterContent/Materials/M_Wood_Oak.uasset" to "../../../../../../UE4Projects/SekaiChude/Content/StarterContent/Materials/M_Wood_Oak.uasset"
[2018.11.21-00.35.27:897][  0]LogPackFactory: Copied "../../../Samples/StarterContent/Content/StarterContent/Materials/M_Wood_Pine.uasset" to "../../../../../../UE4Projects/SekaiChude/Content/StarterContent/Materials/M_Wood_Pine.uasset"
[2018.11.21-00.35.27:901][  0]LogPackFactory: Copied "../../../Samples/StarterContent/Content/StarterContent/Materials/M_Wood_Walnut.uasset" to "../../../../../../UE4Projects/SekaiChude/Content/StarterContent/Materials/M_Wood_Walnut.uasset"
[2018.11.21-00.35.27:906][  0]LogPackFactory: Copied "../../../Samples/StarterContent/Content/StarterContent/Particles/P_Ambient_Dust.uasset" to "../../../../../../UE4Projects/SekaiChude/Content/StarterContent/Particles/P_Ambient_Dust.uasset"
[2018.11.21-00.35.27:912][  0]LogPackFactory: Copied "../../../Samples/StarterContent/Content/StarterContent/Particles/P_Explosion.uasset" to "../../../../../../UE4Projects/SekaiChude/Content/StarterContent/Particles/P_Explosion.uasset"
[2018.11.21-00.35.27:921][  0]LogPackFactory: Copied "../../../Samples/StarterContent/Content/StarterContent/Particles/P_Fire.uasset" to "../../../../../../UE4Projects/SekaiChude/Content/StarterContent/Particles/P_Fire.uasset"
[2018.11.21-00.35.27:926][  0]LogPackFactory: Copied "../../../Samples/StarterContent/Content/StarterContent/Particles/P_Smoke.uasset" to "../../../../../../UE4Projects/SekaiChude/Content/StarterContent/Particles/P_Smoke.uasset"
[2018.11.21-00.35.27:932][  0]LogPackFactory: Copied "../../../Samples/StarterContent/Content/StarterContent/Particles/P_Sparks.uasset" to "../../../../../../UE4Projects/SekaiChude/Content/StarterContent/Particles/P_Sparks.uasset"
[2018.11.21-00.35.27:937][  0]LogPackFactory: Copied "../../../Samples/StarterContent/Content/StarterContent/Particles/P_Steam_Lit.uasset" to "../../../../../../UE4Projects/SekaiChude/Content/StarterContent/Particles/P_Steam_Lit.uasset"
[2018.11.21-00.35.27:943][  0]LogPackFactory: Copied "../../../Samples/StarterContent/Content/StarterContent/Particles/Materials/M_Burst.uasset" to "../../../../../../UE4Projects/SekaiChude/Content/StarterContent/Particles/Materials/M_Burst.uasset"
[2018.11.21-00.35.27:949][  0]LogPackFactory: Copied "../../../Samples/StarterContent/Content/StarterContent/Particles/Materials/M_Dust_Particle.uasset" to "../../../../../../UE4Projects/SekaiChude/Content/StarterContent/Particles/Materials/M_Dust_Particle.uasset"
[2018.11.21-00.35.27:954][  0]LogPackFactory: Copied "../../../Samples/StarterContent/Content/StarterContent/Particles/Materials/M_explosion_subUV.uasset" to "../../../../../../UE4Projects/SekaiChude/Content/StarterContent/Particles/Materials/M_explosion_subUV.uasset"
[2018.11.21-00.35.27:959][  0]LogPackFactory: Copied "../../../Samples/StarterContent/Content/StarterContent/Particles/Materials/M_Fire_SubUV.uasset" to "../../../../../../UE4Projects/SekaiChude/Content/StarterContent/Particles/Materials/M_Fire_SubUV.uasset"
[2018.11.21-00.35.27:964][  0]LogPackFactory: Copied "../../../Samples/StarterContent/Content/StarterContent/Particles/Materials/m_flare_01.uasset" to "../../../../../../UE4Projects/SekaiChude/Content/StarterContent/Particles/Materials/m_flare_01.uasset"
[2018.11.21-00.35.27:969][  0]LogPackFactory: Copied "../../../Samples/StarterContent/Content/StarterContent/Particles/Materials/M_Heat_Distortion.uasset" to "../../../../../../UE4Projects/SekaiChude/Content/StarterContent/Particles/Materials/M_Heat_Distortion.uasset"
[2018.11.21-00.35.27:973][  0]LogPackFactory: Copied "../../../Samples/StarterContent/Content/StarterContent/Particles/Materials/M_Radial_Gradient.uasset" to "../../../../../../UE4Projects/SekaiChude/Content/StarterContent/Particles/Materials/M_Radial_Gradient.uasset"
[2018.11.21-00.35.27:978][  0]LogPackFactory: Copied "../../../Samples/StarterContent/Content/StarterContent/Particles/Materials/M_radial_ramp.uasset" to "../../../../../../UE4Projects/SekaiChude/Content/StarterContent/Particles/Materials/M_radial_ramp.uasset"
[2018.11.21-00.35.27:983][  0]LogPackFactory: Copied "../../../Samples/StarterContent/Content/StarterContent/Particles/Materials/M_smoke_subUV.uasset" to "../../../../../../UE4Projects/SekaiChude/Content/StarterContent/Particles/Materials/M_smoke_subUV.uasset"
[2018.11.21-00.35.27:988][  0]LogPackFactory: Copied "../../../Samples/StarterContent/Content/StarterContent/Particles/Materials/M_Spark.uasset" to "../../../../../../UE4Projects/SekaiChude/Content/StarterContent/Particles/Materials/M_Spark.uasset"
[2018.11.21-00.35.27:995][  0]LogPackFactory: Copied "../../../Samples/StarterContent/Content/StarterContent/Props/MaterialSphere.uasset" to "../../../../../../UE4Projects/SekaiChude/Content/StarterContent/Props/MaterialSphere.uasset"
[2018.11.21-00.35.28:001][  0]LogPackFactory: Copied "../../../Samples/StarterContent/Content/StarterContent/Props/SM_Bush.uasset" to "../../../../../../UE4Projects/SekaiChude/Content/StarterContent/Props/SM_Bush.uasset"
[2018.11.21-00.35.28:009][  0]LogPackFactory: Copied "../../../Samples/StarterContent/Content/StarterContent/Props/SM_Chair.uasset" to "../../../../../../UE4Projects/SekaiChude/Content/StarterContent/Props/SM_Chair.uasset"
[2018.11.21-00.35.28:014][  0]LogPackFactory: Copied "../../../Samples/StarterContent/Content/StarterContent/Props/SM_CornerFrame.uasset" to "../../../../../../UE4Projects/SekaiChude/Content/StarterContent/Props/SM_CornerFrame.uasset"
[2018.11.21-00.35.28:021][  0]LogPackFactory: Copied "../../../Samples/StarterContent/Content/StarterContent/Props/SM_Couch.uasset" to "../../../../../../UE4Projects/SekaiChude/Content/StarterContent/Props/SM_Couch.uasset"
[2018.11.21-00.35.28:027][  0]LogPackFactory: Copied "../../../Samples/StarterContent/Content/StarterContent/Props/SM_Door.uasset" to "../../../../../../UE4Projects/SekaiChude/Content/StarterContent/Props/SM_Door.uasset"
[2018.11.21-00.35.28:032][  0]LogPackFactory: Copied "../../../Samples/StarterContent/Content/StarterContent/Props/SM_DoorFrame.uasset" to "../../../../../../UE4Projects/SekaiChude/Content/StarterContent/Props/SM_DoorFrame.uasset"
[2018.11.21-00.35.28:037][  0]LogPackFactory: Copied "../../../Samples/StarterContent/Content/StarterContent/Props/SM_GlassWindow.uasset" to "../../../../../../UE4Projects/SekaiChude/Content/StarterContent/Props/SM_GlassWindow.uasset"
[2018.11.21-00.35.28:045][  0]LogPackFactory: Copied "../../../Samples/StarterContent/Content/StarterContent/Props/SM_Lamp_Ceiling.uasset" to "../../../../../../UE4Projects/SekaiChude/Content/StarterContent/Props/SM_Lamp_Ceiling.uasset"
[2018.11.21-00.35.28:051][  0]LogPackFactory: Copied "../../../Samples/StarterContent/Content/StarterContent/Props/SM_Lamp_Wall.uasset" to "../../../../../../UE4Projects/SekaiChude/Content/StarterContent/Props/SM_Lamp_Wall.uasset"
[2018.11.21-00.35.28:086][  0]LogPackFactory: Copied "../../../Samples/StarterContent/Content/StarterContent/Props/SM_MatPreviewMesh_02.uasset" to "../../../../../../UE4Projects/SekaiChude/Content/StarterContent/Props/SM_MatPreviewMesh_02.uasset"
[2018.11.21-00.35.28:091][  0]LogPackFactory: Copied "../../../Samples/StarterContent/Content/StarterContent/Props/SM_PillarFrame.uasset" to "../../../../../../UE4Projects/SekaiChude/Content/StarterContent/Props/SM_PillarFrame.uasset"
[2018.11.21-00.35.28:095][  0]LogPackFactory: Copied "../../../Samples/StarterContent/Content/StarterContent/Props/SM_PillarFrame300.uasset" to "../../../../../../UE4Projects/SekaiChude/Content/StarterContent/Props/SM_PillarFrame300.uasset"
[2018.11.21-00.35.28:100][  0]LogPackFactory: Copied "../../../Samples/StarterContent/Content/StarterContent/Props/SM_Rock.uasset" to "../../../../../../UE4Projects/SekaiChude/Content/StarterContent/Props/SM_Rock.uasset"
[2018.11.21-00.35.28:105][  0]LogPackFactory: Copied "../../../Samples/StarterContent/Content/StarterContent/Props/SM_Shelf.uasset" to "../../../../../../UE4Projects/SekaiChude/Content/StarterContent/Props/SM_Shelf.uasset"
[2018.11.21-00.35.28:110][  0]LogPackFactory: Copied "../../../Samples/StarterContent/Content/StarterContent/Props/SM_Stairs.uasset" to "../../../../../../UE4Projects/SekaiChude/Content/StarterContent/Props/SM_Stairs.uasset"
[2018.11.21-00.35.28:121][  0]LogPackFactory: Copied "../../../Samples/StarterContent/Content/StarterContent/Props/SM_Statue.uasset" to "../../../../../../UE4Projects/SekaiChude/Content/StarterContent/Props/SM_Statue.uasset"
[2018.11.21-00.35.28:131][  0]LogPackFactory: Copied "../../../Samples/StarterContent/Content/StarterContent/Props/SM_TableRound.uasset" to "../../../../../../UE4Projects/SekaiChude/Content/StarterContent/Props/SM_TableRound.uasset"
[2018.11.21-00.35.28:136][  0]LogPackFactory: Copied "../../../Samples/StarterContent/Content/StarterContent/Props/SM_WindowFrame.uasset" to "../../../../../../UE4Projects/SekaiChude/Content/StarterContent/Props/SM_WindowFrame.uasset"
[2018.11.21-00.35.28:141][  0]LogPackFactory: Copied "../../../Samples/StarterContent/Content/StarterContent/Props/Materials/M_Bush.uasset" to "../../../../../../UE4Projects/SekaiChude/Content/StarterContent/Props/Materials/M_Bush.uasset"
[2018.11.21-00.35.28:146][  0]LogPackFactory: Copied "../../../Samples/StarterContent/Content/StarterContent/Props/Materials/M_Chair.uasset" to "../../../../../../UE4Projects/SekaiChude/Content/StarterContent/Props/Materials/M_Chair.uasset"
[2018.11.21-00.35.28:152][  0]LogPackFactory: Copied "../../../Samples/StarterContent/Content/StarterContent/Props/Materials/M_Door.uasset" to "../../../../../../UE4Projects/SekaiChude/Content/StarterContent/Props/Materials/M_Door.uasset"
[2018.11.21-00.35.28:157][  0]LogPackFactory: Copied "../../../Samples/StarterContent/Content/StarterContent/Props/Materials/M_Frame.uasset" to "../../../../../../UE4Projects/SekaiChude/Content/StarterContent/Props/Materials/M_Frame.uasset"
[2018.11.21-00.35.28:162][  0]LogPackFactory: Copied "../../../Samples/StarterContent/Content/StarterContent/Props/Materials/M_Lamp.uasset" to "../../../../../../UE4Projects/SekaiChude/Content/StarterContent/Props/Materials/M_Lamp.uasset"
[2018.11.21-00.35.28:166][  0]LogPackFactory: Copied "../../../Samples/StarterContent/Content/StarterContent/Props/Materials/M_MaterialSphere.uasset" to "../../../../../../UE4Projects/SekaiChude/Content/StarterContent/Props/Materials/M_MaterialSphere.uasset"
[2018.11.21-00.35.28:171][  0]LogPackFactory: Copied "../../../Samples/StarterContent/Content/StarterContent/Props/Materials/M_MaterialSphere_Plain.uasset" to "../../../../../../UE4Projects/SekaiChude/Content/StarterContent/Props/Materials/M_MaterialSphere_Plain.uasset"
[2018.11.21-00.35.28:177][  0]LogPackFactory: Copied "../../../Samples/StarterContent/Content/StarterContent/Props/Materials/M_Rock.uasset" to "../../../../../../UE4Projects/SekaiChude/Content/StarterContent/Props/Materials/M_Rock.uasset"
[2018.11.21-00.35.28:181][  0]LogPackFactory: Copied "../../../Samples/StarterContent/Content/StarterContent/Props/Materials/M_Shelf.uasset" to "../../../../../../UE4Projects/SekaiChude/Content/StarterContent/Props/Materials/M_Shelf.uasset"
[2018.11.21-00.35.28:187][  0]LogPackFactory: Copied "../../../Samples/StarterContent/Content/StarterContent/Props/Materials/M_Statue.uasset" to "../../../../../../UE4Projects/SekaiChude/Content/StarterContent/Props/Materials/M_Statue.uasset"
[2018.11.21-00.35.28:191][  0]LogPackFactory: Copied "../../../Samples/StarterContent/Content/StarterContent/Props/Materials/M_StatueGlass.uasset" to "../../../../../../UE4Projects/SekaiChude/Content/StarterContent/Props/Materials/M_StatueGlass.uasset"
[2018.11.21-00.35.28:196][  0]LogPackFactory: Copied "../../../Samples/StarterContent/Content/StarterContent/Props/Materials/M_TableRound.uasset" to "../../../../../../UE4Projects/SekaiChude/Content/StarterContent/Props/Materials/M_TableRound.uasset"
[2018.11.21-00.35.28:202][  0]LogPackFactory: Copied "../../../Samples/StarterContent/Content/StarterContent/Shapes/Shape_Cone.uasset" to "../../../../../../UE4Projects/SekaiChude/Content/StarterContent/Shapes/Shape_Cone.uasset"
[2018.11.21-00.35.28:205][  0]LogPackFactory: Copied "../../../Samples/StarterContent/Content/StarterContent/Shapes/Shape_Cube.uasset" to "../../../../../../UE4Projects/SekaiChude/Content/StarterContent/Shapes/Shape_Cube.uasset"
[2018.11.21-00.35.28:210][  0]LogPackFactory: Copied "../../../Samples/StarterContent/Content/StarterContent/Shapes/Shape_Cylinder.uasset" to "../../../../../../UE4Projects/SekaiChude/Content/StarterContent/Shapes/Shape_Cylinder.uasset"
[2018.11.21-00.35.28:216][  0]LogPackFactory: Copied "../../../Samples/StarterContent/Content/StarterContent/Shapes/Shape_NarrowCapsule.uasset" to "../../../../../../UE4Projects/SekaiChude/Content/StarterContent/Shapes/Shape_NarrowCapsule.uasset"
[2018.11.21-00.35.28:221][  0]LogPackFactory: Copied "../../../Samples/StarterContent/Content/StarterContent/Shapes/Shape_Pipe.uasset" to "../../../../../../UE4Projects/SekaiChude/Content/StarterContent/Shapes/Shape_Pipe.uasset"
[2018.11.21-00.35.28:226][  0]LogPackFactory: Copied "../../../Samples/StarterContent/Content/StarterContent/Shapes/Shape_Pipe_180.uasset" to "../../../../../../UE4Projects/SekaiChude/Content/StarterContent/Shapes/Shape_Pipe_180.uasset"
[2018.11.21-00.35.28:232][  0]LogPackFactory: Copied "../../../Samples/StarterContent/Content/StarterContent/Shapes/Shape_Pipe_90.uasset" to "../../../../../../UE4Projects/SekaiChude/Content/StarterContent/Shapes/Shape_Pipe_90.uasset"
[2018.11.21-00.35.28:236][  0]LogPackFactory: Copied "../../../Samples/StarterContent/Content/StarterContent/Shapes/Shape_Plane.uasset" to "../../../../../../UE4Projects/SekaiChude/Content/StarterContent/Shapes/Shape_Plane.uasset"
[2018.11.21-00.35.28:240][  0]LogPackFactory: Copied "../../../Samples/StarterContent/Content/StarterContent/Shapes/Shape_QuadPyramid.uasset" to "../../../../../../UE4Projects/SekaiChude/Content/StarterContent/Shapes/Shape_QuadPyramid.uasset"
[2018.11.21-00.35.28:246][  0]LogPackFactory: Copied "../../../Samples/StarterContent/Content/StarterContent/Shapes/Shape_Sphere.uasset" to "../../../../../../UE4Projects/SekaiChude/Content/StarterContent/Shapes/Shape_Sphere.uasset"
[2018.11.21-00.35.28:255][  0]LogPackFactory: Copied "../../../Samples/StarterContent/Content/StarterContent/Shapes/Shape_Torus.uasset" to "../../../../../../UE4Projects/SekaiChude/Content/StarterContent/Shapes/Shape_Torus.uasset"
[2018.11.21-00.35.28:259][  0]LogPackFactory: Copied "../../../Samples/StarterContent/Content/StarterContent/Shapes/Shape_Trim.uasset" to "../../../../../../UE4Projects/SekaiChude/Content/StarterContent/Shapes/Shape_Trim.uasset"
[2018.11.21-00.35.28:265][  0]LogPackFactory: Copied "../../../Samples/StarterContent/Content/StarterContent/Shapes/Shape_Trim_90_In.uasset" to "../../../../../../UE4Projects/SekaiChude/Content/StarterContent/Shapes/Shape_Trim_90_In.uasset"
[2018.11.21-00.35.28:269][  0]LogPackFactory: Copied "../../../Samples/StarterContent/Content/StarterContent/Shapes/Shape_Trim_90_Out.uasset" to "../../../../../../UE4Projects/SekaiChude/Content/StarterContent/Shapes/Shape_Trim_90_Out.uasset"
[2018.11.21-00.35.28:274][  0]LogPackFactory: Copied "../../../Samples/StarterContent/Content/StarterContent/Shapes/Shape_TriPyramid.uasset" to "../../../../../../UE4Projects/SekaiChude/Content/StarterContent/Shapes/Shape_TriPyramid.uasset"
[2018.11.21-00.35.28:279][  0]LogPackFactory: Copied "../../../Samples/StarterContent/Content/StarterContent/Shapes/Shape_Tube.uasset" to "../../../../../../UE4Projects/SekaiChude/Content/StarterContent/Shapes/Shape_Tube.uasset"
[2018.11.21-00.35.28:285][  0]LogPackFactory: Copied "../../../Samples/StarterContent/Content/StarterContent/Shapes/Shape_Wedge_A.uasset" to "../../../../../../UE4Projects/SekaiChude/Content/StarterContent/Shapes/Shape_Wedge_A.uasset"
[2018.11.21-00.35.28:289][  0]LogPackFactory: Copied "../../../Samples/StarterContent/Content/StarterContent/Shapes/Shape_Wedge_B.uasset" to "../../../../../../UE4Projects/SekaiChude/Content/StarterContent/Shapes/Shape_Wedge_B.uasset"
[2018.11.21-00.35.28:295][  0]LogPackFactory: Copied "../../../Samples/StarterContent/Content/StarterContent/Shapes/Shape_WideCapsule.uasset" to "../../../../../../UE4Projects/SekaiChude/Content/StarterContent/Shapes/Shape_WideCapsule.uasset"
[2018.11.21-00.35.28:356][  0]LogPackFactory: Copied "../../../Samples/StarterContent/Content/StarterContent/Textures/T_Brick_Clay_Beveled_D.uasset" to "../../../../../../UE4Projects/SekaiChude/Content/StarterContent/Textures/T_Brick_Clay_Beveled_D.uasset"
[2018.11.21-00.35.28:434][  0]LogPackFactory: Copied "../../../Samples/StarterContent/Content/StarterContent/Textures/T_Brick_Clay_Beveled_M.uasset" to "../../../../../../UE4Projects/SekaiChude/Content/StarterContent/Textures/T_Brick_Clay_Beveled_M.uasset"
[2018.11.21-00.35.28:503][  0]LogPackFactory: Copied "../../../Samples/StarterContent/Content/StarterContent/Textures/T_Brick_Clay_Beveled_N.uasset" to "../../../../../../UE4Projects/SekaiChude/Content/StarterContent/Textures/T_Brick_Clay_Beveled_N.uasset"
[2018.11.21-00.35.28:562][  0]LogPackFactory: Copied "../../../Samples/StarterContent/Content/StarterContent/Textures/T_Brick_Clay_New_D.uasset" to "../../../../../../UE4Projects/SekaiChude/Content/StarterContent/Textures/T_Brick_Clay_New_D.uasset"
[2018.11.21-00.35.28:634][  0]LogPackFactory: Copied "../../../Samples/StarterContent/Content/StarterContent/Textures/T_Brick_Clay_New_M.uasset" to "../../../../../../UE4Projects/SekaiChude/Content/StarterContent/Textures/T_Brick_Clay_New_M.uasset"
[2018.11.21-00.35.28:705][  0]LogPackFactory: Copied "../../../Samples/StarterContent/Content/StarterContent/Textures/T_Brick_Clay_New_N.uasset" to "../../../../../../UE4Projects/SekaiChude/Content/StarterContent/Textures/T_Brick_Clay_New_N.uasset"
[2018.11.21-00.35.28:799][  0]LogPackFactory: Copied "../../../Samples/StarterContent/Content/StarterContent/Textures/T_Brick_Clay_Old_D.uasset" to "../../../../../../UE4Projects/SekaiChude/Content/StarterContent/Textures/T_Brick_Clay_Old_D.uasset"
[2018.11.21-00.35.28:860][  0]LogPackFactory: Copied "../../../Samples/StarterContent/Content/StarterContent/Textures/T_Brick_Clay_Old_N.uasset" to "../../../../../../UE4Projects/SekaiChude/Content/StarterContent/Textures/T_Brick_Clay_Old_N.uasset"
[2018.11.21-00.35.28:973][  0]LogPackFactory: Copied "../../../Samples/StarterContent/Content/StarterContent/Textures/T_Brick_Cut_Stone_D.uasset" to "../../../../../../UE4Projects/SekaiChude/Content/StarterContent/Textures/T_Brick_Cut_Stone_D.uasset"
[2018.11.21-00.35.29:036][  0]LogPackFactory: Copied "../../../Samples/StarterContent/Content/StarterContent/Textures/T_Brick_Cut_Stone_N.uasset" to "../../../../../../UE4Projects/SekaiChude/Content/StarterContent/Textures/T_Brick_Cut_Stone_N.uasset"
[2018.11.21-00.35.29:102][  0]LogPackFactory: Copied "../../../Samples/StarterContent/Content/StarterContent/Textures/T_Brick_Hewn_Stone_D.uasset" to "../../../../../../UE4Projects/SekaiChude/Content/StarterContent/Textures/T_Brick_Hewn_Stone_D.uasset"
[2018.11.21-00.35.29:165][  0]LogPackFactory: Copied "../../../Samples/StarterContent/Content/StarterContent/Textures/T_Brick_Hewn_Stone_M.uasset" to "../../../../../../UE4Projects/SekaiChude/Content/StarterContent/Textures/T_Brick_Hewn_Stone_M.uasset"
[2018.11.21-00.35.29:243][  0]LogPackFactory: Copied "../../../Samples/StarterContent/Content/StarterContent/Textures/T_Brick_Hewn_Stone_N.uasset" to "../../../../../../UE4Projects/SekaiChude/Content/StarterContent/Textures/T_Brick_Hewn_Stone_N.uasset"
[2018.11.21-00.35.29:248][  0]LogPackFactory: Copied "../../../Samples/StarterContent/Content/StarterContent/Textures/T_Burst_M.uasset" to "../../../../../../UE4Projects/SekaiChude/Content/StarterContent/Textures/T_Burst_M.uasset"
[2018.11.21-00.35.29:259][  0]LogPackFactory: Copied "../../../Samples/StarterContent/Content/StarterContent/Textures/T_Bush_D.uasset" to "../../../../../../UE4Projects/SekaiChude/Content/StarterContent/Textures/T_Bush_D.uasset"
[2018.11.21-00.35.29:268][  0]LogPackFactory: Copied "../../../Samples/StarterContent/Content/StarterContent/Textures/T_Bush_N.uasset" to "../../../../../../UE4Projects/SekaiChude/Content/StarterContent/Textures/T_Bush_N.uasset"
[2018.11.21-00.35.29:276][  0]LogPackFactory: Copied "../../../Samples/StarterContent/Content/StarterContent/Textures/T_Ceramic_Tile_M.uasset" to "../../../../../../UE4Projects/SekaiChude/Content/StarterContent/Textures/T_Ceramic_Tile_M.uasset"
[2018.11.21-00.35.29:283][  0]LogPackFactory: Copied "../../../Samples/StarterContent/Content/StarterContent/Textures/T_Ceramic_Tile_N.uasset" to "../../../../../../UE4Projects/SekaiChude/Content/StarterContent/Textures/T_Ceramic_Tile_N.uasset"
[2018.11.21-00.35.29:293][  0]LogPackFactory: Copied "../../../Samples/StarterContent/Content/StarterContent/Textures/T_Chair_M.uasset" to "../../../../../../UE4Projects/SekaiChude/Content/StarterContent/Textures/T_Chair_M.uasset"
[2018.11.21-00.35.29:320][  0]LogPackFactory: Copied "../../../Samples/StarterContent/Content/StarterContent/Textures/T_Chair_N.uasset" to "../../../../../../UE4Projects/SekaiChude/Content/StarterContent/Textures/T_Chair_N.uasset"
[2018.11.21-00.35.29:327][  0]LogPackFactory: Copied "../../../Samples/StarterContent/Content/StarterContent/Textures/T_Checker_Noise_M.uasset" to "../../../../../../UE4Projects/SekaiChude/Content/StarterContent/Textures/T_Checker_Noise_M.uasset"
[2018.11.21-00.35.29:441][  0]LogPackFactory: Copied "../../../Samples/StarterContent/Content/StarterContent/Textures/T_CobbleStone_Pebble_D.uasset" to "../../../../../../UE4Projects/SekaiChude/Content/StarterContent/Textures/T_CobbleStone_Pebble_D.uasset"
[2018.11.21-00.35.29:466][  0]LogPackFactory: Copied "../../../Samples/StarterContent/Content/StarterContent/Textures/T_CobbleStone_Pebble_M.uasset" to "../../../../../../UE4Projects/SekaiChude/Content/StarterContent/Textures/T_CobbleStone_Pebble_M.uasset"
[2018.11.21-00.35.29:564][  0]LogPackFactory: Copied "../../../Samples/StarterContent/Content/StarterContent/Textures/T_CobbleStone_Pebble_N.uasset" to "../../../../../../UE4Projects/SekaiChude/Content/StarterContent/Textures/T_CobbleStone_Pebble_N.uasset"
[2018.11.21-00.35.29:598][  0]LogPackFactory: Copied "../../../Samples/StarterContent/Content/StarterContent/Textures/T_CobbleStone_Rough_D.uasset" to "../../../../../../UE4Projects/SekaiChude/Content/StarterContent/Textures/T_CobbleStone_Rough_D.uasset"
[2018.11.21-00.35.29:633][  0]LogPackFactory: Copied "../../../Samples/StarterContent/Content/StarterContent/Textures/T_CobbleStone_Rough_N.uasset" to "../../../../../../UE4Projects/SekaiChude/Content/StarterContent/Textures/T_CobbleStone_Rough_N.uasset"
[2018.11.21-00.35.29:697][  0]LogPackFactory: Copied "../../../Samples/StarterContent/Content/StarterContent/Textures/T_CobbleStone_Smooth_D.uasset" to "../../../../../../UE4Projects/SekaiChude/Content/StarterContent/Textures/T_CobbleStone_Smooth_D.uasset"
[2018.11.21-00.35.29:747][  0]LogPackFactory: Copied "../../../Samples/StarterContent/Content/StarterContent/Textures/T_CobbleStone_Smooth_M.uasset" to "../../../../../../UE4Projects/SekaiChude/Content/StarterContent/Textures/T_CobbleStone_Smooth_M.uasset"
[2018.11.21-00.35.29:814][  0]LogPackFactory: Copied "../../../Samples/StarterContent/Content/StarterContent/Textures/T_CobbleStone_Smooth_N.uasset" to "../../../../../../UE4Projects/SekaiChude/Content/StarterContent/Textures/T_CobbleStone_Smooth_N.uasset"
[2018.11.21-00.35.29:904][  0]LogPackFactory: Copied "../../../Samples/StarterContent/Content/StarterContent/Textures/T_Concrete_Grime_D.uasset" to "../../../../../../UE4Projects/SekaiChude/Content/StarterContent/Textures/T_Concrete_Grime_D.uasset"
[2018.11.21-00.35.29:980][  0]LogPackFactory: Copied "../../../Samples/StarterContent/Content/StarterContent/Textures/T_Concrete_Panels_D.uasset" to "../../../../../../UE4Projects/SekaiChude/Content/StarterContent/Textures/T_Concrete_Panels_D.uasset"
[2018.11.21-00.35.30:037][  0]LogPackFactory: Copied "../../../Samples/StarterContent/Content/StarterContent/Textures/T_Concrete_Panels_N.uasset" to "../../../../../../UE4Projects/SekaiChude/Content/StarterContent/Textures/T_Concrete_Panels_N.uasset"
[2018.11.21-00.35.30:132][  0]LogPackFactory: Copied "../../../Samples/StarterContent/Content/StarterContent/Textures/T_Concrete_Poured_D.uasset" to "../../../../../../UE4Projects/SekaiChude/Content/StarterContent/Textures/T_Concrete_Poured_D.uasset"
[2018.11.21-00.35.30:197][  0]LogPackFactory: Copied "../../../Samples/StarterContent/Content/StarterContent/Textures/T_Concrete_Poured_N.uasset" to "../../../../../../UE4Projects/SekaiChude/Content/StarterContent/Textures/T_Concrete_Poured_N.uasset"
[2018.11.21-00.35.30:244][  0]LogPackFactory: Copied "../../../Samples/StarterContent/Content/StarterContent/Textures/T_Concrete_Tiles_D.uasset" to "../../../../../../UE4Projects/SekaiChude/Content/StarterContent/Textures/T_Concrete_Tiles_D.uasset"
[2018.11.21-00.35.30:299][  0]LogPackFactory: Copied "../../../Samples/StarterContent/Content/StarterContent/Textures/T_Concrete_Tiles_M.uasset" to "../../../../../../UE4Projects/SekaiChude/Content/StarterContent/Textures/T_Concrete_Tiles_M.uasset"
[2018.11.21-00.35.30:353][  0]LogPackFactory: Copied "../../../Samples/StarterContent/Content/StarterContent/Textures/T_Concrete_Tiles_N.uasset" to "../../../../../../UE4Projects/SekaiChude/Content/StarterContent/Textures/T_Concrete_Tiles_N.uasset"
[2018.11.21-00.35.30:356][  0]LogPackFactory: Copied "../../../Samples/StarterContent/Content/StarterContent/Textures/T_Concrete_Tiles_Variation_M.uasset" to "../../../../../../UE4Projects/SekaiChude/Content/StarterContent/Textures/T_Concrete_Tiles_Variation_M.uasset"
[2018.11.21-00.35.30:389][  0]LogPackFactory: Copied "../../../Samples/StarterContent/Content/StarterContent/Textures/T_Detail_Rocky_N.uasset" to "../../../../../../UE4Projects/SekaiChude/Content/StarterContent/Textures/T_Detail_Rocky_N.uasset"
[2018.11.21-00.35.30:399][  0]LogPackFactory: Copied "../../../Samples/StarterContent/Content/StarterContent/Textures/T_Door_M.uasset" to "../../../../../../UE4Projects/SekaiChude/Content/StarterContent/Textures/T_Door_M.uasset"
[2018.11.21-00.35.30:416][  0]LogPackFactory: Copied "../../../Samples/StarterContent/Content/StarterContent/Textures/T_Door_N.uasset" to "../../../../../../UE4Projects/SekaiChude/Content/StarterContent/Textures/T_Door_N.uasset"
[2018.11.21-00.35.30:421][  0]LogPackFactory: Copied "../../../Samples/StarterContent/Content/StarterContent/Textures/T_Dust_Particle_D.uasset" to "../../../../../../UE4Projects/SekaiChude/Content/StarterContent/Textures/T_Dust_Particle_D.uasset"
[2018.11.21-00.35.30:455][  0]LogPackFactory: Copied "../../../Samples/StarterContent/Content/StarterContent/Textures/T_Explosion_SubUV.uasset" to "../../../../../../UE4Projects/SekaiChude/Content/StarterContent/Textures/T_Explosion_SubUV.uasset"
[2018.11.21-00.35.30:466][  0]LogPackFactory: Copied "../../../Samples/StarterContent/Content/StarterContent/Textures/T_Fire_SubUV.uasset" to "../../../../../../UE4Projects/SekaiChude/Content/StarterContent/Textures/T_Fire_SubUV.uasset"
[2018.11.21-00.35.30:478][  0]LogPackFactory: Copied "../../../Samples/StarterContent/Content/StarterContent/Textures/T_Fire_Tiled_D.uasset" to "../../../../../../UE4Projects/SekaiChude/Content/StarterContent/Textures/T_Fire_Tiled_D.uasset"
[2018.11.21-00.35.30:488][  0]LogPackFactory: Copied "../../../Samples/StarterContent/Content/StarterContent/Textures/T_Frame_M.uasset" to "../../../../../../UE4Projects/SekaiChude/Content/StarterContent/Textures/T_Frame_M.uasset"
[2018.11.21-00.35.30:507][  0]LogPackFactory: Copied "../../../Samples/StarterContent/Content/StarterContent/Textures/T_Frame_N.uasset" to "../../../../../../UE4Projects/SekaiChude/Content/StarterContent/Textures/T_Frame_N.uasset"
[2018.11.21-00.35.30:511][  0]LogPackFactory: Copied "../../../Samples/StarterContent/Content/StarterContent/Textures/T_Gradinet_01.uasset" to "../../../../../../UE4Projects/SekaiChude/Content/StarterContent/Textures/T_Gradinet_01.uasset"
[2018.11.21-00.35.30:602][  0]LogPackFactory: Copied "../../../Samples/StarterContent/Content/StarterContent/Textures/T_Ground_Grass_D.uasset" to "../../../../../../UE4Projects/SekaiChude/Content/StarterContent/Textures/T_Ground_Grass_D.uasset"
[2018.11.21-00.35.30:694][  0]LogPackFactory: Copied "../../../Samples/StarterContent/Content/StarterContent/Textures/T_Ground_Grass_N.uasset" to "../../../../../../UE4Projects/SekaiChude/Content/StarterContent/Textures/T_Ground_Grass_N.uasset"
[2018.11.21-00.35.30:780][  0]LogPackFactory: Copied "../../../Samples/StarterContent/Content/StarterContent/Textures/T_Ground_Gravel_D.uasset" to "../../../../../../UE4Projects/SekaiChude/Content/StarterContent/Textures/T_Ground_Gravel_D.uasset"
[2018.11.21-00.35.30:857][  0]LogPackFactory: Copied "../../../Samples/StarterContent/Content/StarterContent/Textures/T_Ground_Gravel_N.uasset" to "../../../../../../UE4Projects/SekaiChude/Content/StarterContent/Textures/T_Ground_Gravel_N.uasset"
[2018.11.21-00.35.30:926][  0]LogPackFactory: Copied "../../../Samples/StarterContent/Content/StarterContent/Textures/T_ground_Moss_D.uasset" to "../../../../../../UE4Projects/SekaiChude/Content/StarterContent/Textures/T_ground_Moss_D.uasset"
[2018.11.21-00.35.30:971][  0]LogPackFactory: Copied "../../../Samples/StarterContent/Content/StarterContent/Textures/T_Ground_Moss_N.uasset" to "../../../../../../UE4Projects/SekaiChude/Content/StarterContent/Textures/T_Ground_Moss_N.uasset"
[2018.11.21-00.35.30:981][  0]LogPackFactory: Copied "../../../Samples/StarterContent/Content/StarterContent/Textures/T_Lamp_M.uasset" to "../../../../../../UE4Projects/SekaiChude/Content/StarterContent/Textures/T_Lamp_M.uasset"
[2018.11.21-00.35.31:001][  0]LogPackFactory: Copied "../../../Samples/StarterContent/Content/StarterContent/Textures/T_Lamp_N.uasset" to "../../../../../../UE4Projects/SekaiChude/Content/StarterContent/Textures/T_Lamp_N.uasset"
[2018.11.21-00.35.31:090][  0]LogPackFactory: Copied "../../../Samples/StarterContent/Content/StarterContent/Textures/T_MacroVariation.uasset" to "../../../../../../UE4Projects/SekaiChude/Content/StarterContent/Textures/T_MacroVariation.uasset"
[2018.11.21-00.35.31:164][  0]LogPackFactory: Copied "../../../Samples/StarterContent/Content/StarterContent/Textures/T_Metal_Aluminum_D.uasset" to "../../../../../../UE4Projects/SekaiChude/Content/StarterContent/Textures/T_Metal_Aluminum_D.uasset"
[2018.11.21-00.35.31:240][  0]LogPackFactory: Copied "../../../Samples/StarterContent/Content/StarterContent/Textures/T_Metal_Copper_D.uasset" to "../../../../../../UE4Projects/SekaiChude/Content/StarterContent/Textures/T_Metal_Copper_D.uasset"
[2018.11.21-00.35.31:306][  0]LogPackFactory: Copied "../../../Samples/StarterContent/Content/StarterContent/Textures/T_Metal_Gold_D.uasset" to "../../../../../../UE4Projects/SekaiChude/Content/StarterContent/Textures/T_Metal_Gold_D.uasset"
[2018.11.21-00.35.31:338][  0]LogPackFactory: Copied "../../../Samples/StarterContent/Content/StarterContent/Textures/T_Metal_Gold_N.uasset" to "../../../../../../UE4Projects/SekaiChude/Content/StarterContent/Textures/T_Metal_Gold_N.uasset"
[2018.11.21-00.35.31:412][  0]LogPackFactory: Copied "../../../Samples/StarterContent/Content/StarterContent/Textures/T_Metal_Rust_D.uasset" to "../../../../../../UE4Projects/SekaiChude/Content/StarterContent/Textures/T_Metal_Rust_D.uasset"
[2018.11.21-00.35.31:472][  0]LogPackFactory: Copied "../../../Samples/StarterContent/Content/StarterContent/Textures/T_Metal_Rust_N.uasset" to "../../../../../../UE4Projects/SekaiChude/Content/StarterContent/Textures/T_Metal_Rust_N.uasset"
[2018.11.21-00.35.31:510][  0]LogPackFactory: Copied "../../../Samples/StarterContent/Content/StarterContent/Textures/T_Metal_Steel_D.uasset" to "../../../../../../UE4Projects/SekaiChude/Content/StarterContent/Textures/T_Metal_Steel_D.uasset"
[2018.11.21-00.35.31:555][  0]LogPackFactory: Copied "../../../Samples/StarterContent/Content/StarterContent/Textures/T_Metal_Steel_N.uasset" to "../../../../../../UE4Projects/SekaiChude/Content/StarterContent/Textures/T_Metal_Steel_N.uasset"
[2018.11.21-00.35.31:626][  0]LogPackFactory: Copied "../../../Samples/StarterContent/Content/StarterContent/Textures/T_Perlin_Noise_M.uasset" to "../../../../../../UE4Projects/SekaiChude/Content/StarterContent/Textures/T_Perlin_Noise_M.uasset"
[2018.11.21-00.35.31:657][  0]LogPackFactory: Copied "../../../Samples/StarterContent/Content/StarterContent/Textures/T_RockMesh_M.uasset" to "../../../../../../UE4Projects/SekaiChude/Content/StarterContent/Textures/T_RockMesh_M.uasset"
[2018.11.21-00.35.31:710][  0]LogPackFactory: Copied "../../../Samples/StarterContent/Content/StarterContent/Textures/T_RockMesh_N.uasset" to "../../../../../../UE4Projects/SekaiChude/Content/StarterContent/Textures/T_RockMesh_N.uasset"
[2018.11.21-00.35.31:785][  0]LogPackFactory: Copied "../../../Samples/StarterContent/Content/StarterContent/Textures/T_Rock_Basalt_D.uasset" to "../../../../../../UE4Projects/SekaiChude/Content/StarterContent/Textures/T_Rock_Basalt_D.uasset"
[2018.11.21-00.35.31:845][  0]LogPackFactory: Copied "../../../Samples/StarterContent/Content/StarterContent/Textures/T_Rock_Basalt_N.uasset" to "../../../../../../UE4Projects/SekaiChude/Content/StarterContent/Textures/T_Rock_Basalt_N.uasset"
[2018.11.21-00.35.31:898][  0]LogPackFactory: Copied "../../../Samples/StarterContent/Content/StarterContent/Textures/T_Rock_Marble_Polished_D.uasset" to "../../../../../../UE4Projects/SekaiChude/Content/StarterContent/Textures/T_Rock_Marble_Polished_D.uasset"
[2018.11.21-00.35.31:972][  0]LogPackFactory: Copied "../../../Samples/StarterContent/Content/StarterContent/Textures/T_Rock_Sandstone_D.uasset" to "../../../../../../UE4Projects/SekaiChude/Content/StarterContent/Textures/T_Rock_Sandstone_D.uasset"
[2018.11.21-00.35.32:036][  0]LogPackFactory: Copied "../../../Samples/StarterContent/Content/StarterContent/Textures/T_Rock_Sandstone_N.uasset" to "../../../../../../UE4Projects/SekaiChude/Content/StarterContent/Textures/T_Rock_Sandstone_N.uasset"
[2018.11.21-00.35.32:139][  0]LogPackFactory: Copied "../../../Samples/StarterContent/Content/StarterContent/Textures/T_Rock_Slate_D.uasset" to "../../../../../../UE4Projects/SekaiChude/Content/StarterContent/Textures/T_Rock_Slate_D.uasset"
[2018.11.21-00.35.32:215][  0]LogPackFactory: Copied "../../../Samples/StarterContent/Content/StarterContent/Textures/T_Rock_Slate_N.uasset" to "../../../../../../UE4Projects/SekaiChude/Content/StarterContent/Textures/T_Rock_Slate_N.uasset"
[2018.11.21-00.35.32:316][  0]LogPackFactory: Copied "../../../Samples/StarterContent/Content/StarterContent/Textures/T_Rock_Smooth_Granite_D.uasset" to "../../../../../../UE4Projects/SekaiChude/Content/StarterContent/Textures/T_Rock_Smooth_Granite_D.uasset"
[2018.11.21-00.35.32:327][  0]LogPackFactory: Copied "../../../Samples/StarterContent/Content/StarterContent/Textures/T_Shelf_M.uasset" to "../../../../../../UE4Projects/SekaiChude/Content/StarterContent/Textures/T_Shelf_M.uasset"
[2018.11.21-00.35.32:364][  0]LogPackFactory: Copied "../../../Samples/StarterContent/Content/StarterContent/Textures/T_Shelf_N.uasset" to "../../../../../../UE4Projects/SekaiChude/Content/StarterContent/Textures/T_Shelf_N.uasset"
[2018.11.21-00.35.32:369][  0]LogPackFactory: Copied "../../../Samples/StarterContent/Content/StarterContent/Textures/T_Single_Tile_N.uasset" to "../../../../../../UE4Projects/SekaiChude/Content/StarterContent/Textures/T_Single_Tile_N.uasset"
[2018.11.21-00.35.32:400][  0]LogPackFactory: Copied "../../../Samples/StarterContent/Content/StarterContent/Textures/T_Smoke_SubUV.uasset" to "../../../../../../UE4Projects/SekaiChude/Content/StarterContent/Textures/T_Smoke_SubUV.uasset"
[2018.11.21-00.35.32:405][  0]LogPackFactory: Copied "../../../Samples/StarterContent/Content/StarterContent/Textures/T_Smoke_Tiled_D.uasset" to "../../../../../../UE4Projects/SekaiChude/Content/StarterContent/Textures/T_Smoke_Tiled_D.uasset"
[2018.11.21-00.35.32:411][  0]LogPackFactory: Copied "../../../Samples/StarterContent/Content/StarterContent/Textures/T_Spark_Core.uasset" to "../../../../../../UE4Projects/SekaiChude/Content/StarterContent/Textures/T_Spark_Core.uasset"
[2018.11.21-00.35.32:421][  0]LogPackFactory: Copied "../../../Samples/StarterContent/Content/StarterContent/Textures/T_Statue_M.uasset" to "../../../../../../UE4Projects/SekaiChude/Content/StarterContent/Textures/T_Statue_M.uasset"
[2018.11.21-00.35.32:431][  0]LogPackFactory: Copied "../../../Samples/StarterContent/Content/StarterContent/Textures/T_Statue_N.uasset" to "../../../../../../UE4Projects/SekaiChude/Content/StarterContent/Textures/T_Statue_N.uasset"
[2018.11.21-00.35.32:445][  0]LogPackFactory: Copied "../../../Samples/StarterContent/Content/StarterContent/Textures/T_TableRound_M.uasset" to "../../../../../../UE4Projects/SekaiChude/Content/StarterContent/Textures/T_TableRound_M.uasset"
[2018.11.21-00.35.32:467][  0]LogPackFactory: Copied "../../../Samples/StarterContent/Content/StarterContent/Textures/T_TableRound_N.uasset" to "../../../../../../UE4Projects/SekaiChude/Content/StarterContent/Textures/T_TableRound_N.uasset"
[2018.11.21-00.35.32:472][  0]LogPackFactory: Copied "../../../Samples/StarterContent/Content/StarterContent/Textures/T_Tech_Dot_M.uasset" to "../../../../../../UE4Projects/SekaiChude/Content/StarterContent/Textures/T_Tech_Dot_M.uasset"
[2018.11.21-00.35.32:479][  0]LogPackFactory: Copied "../../../Samples/StarterContent/Content/StarterContent/Textures/T_Tech_Dot_N.uasset" to "../../../../../../UE4Projects/SekaiChude/Content/StarterContent/Textures/T_Tech_Dot_N.uasset"
[2018.11.21-00.35.32:492][  0]LogPackFactory: Copied "../../../Samples/StarterContent/Content/StarterContent/Textures/T_Tech_Hex_Tile_M.uasset" to "../../../../../../UE4Projects/SekaiChude/Content/StarterContent/Textures/T_Tech_Hex_Tile_M.uasset"
[2018.11.21-00.35.32:502][  0]LogPackFactory: Copied "../../../Samples/StarterContent/Content/StarterContent/Textures/T_Tech_Hex_Tile_N.uasset" to "../../../../../../UE4Projects/SekaiChude/Content/StarterContent/Textures/T_Tech_Hex_Tile_N.uasset"
[2018.11.21-00.35.32:519][  0]LogPackFactory: Copied "../../../Samples/StarterContent/Content/StarterContent/Textures/T_Tech_Panel_M.uasset" to "../../../../../../UE4Projects/SekaiChude/Content/StarterContent/Textures/T_Tech_Panel_M.uasset"
[2018.11.21-00.35.32:541][  0]LogPackFactory: Copied "../../../Samples/StarterContent/Content/StarterContent/Textures/T_Tech_Panel_N.uasset" to "../../../../../../UE4Projects/SekaiChude/Content/StarterContent/Textures/T_Tech_Panel_N.uasset"
[2018.11.21-00.35.32:559][  0]LogPackFactory: Copied "../../../Samples/StarterContent/Content/StarterContent/Textures/T_Water_M.uasset" to "../../../../../../UE4Projects/SekaiChude/Content/StarterContent/Textures/T_Water_M.uasset"
[2018.11.21-00.35.32:582][  0]LogPackFactory: Copied "../../../Samples/StarterContent/Content/StarterContent/Textures/T_Water_N.uasset" to "../../../../../../UE4Projects/SekaiChude/Content/StarterContent/Textures/T_Water_N.uasset"
[2018.11.21-00.35.32:630][  0]LogPackFactory: Copied "../../../Samples/StarterContent/Content/StarterContent/Textures/T_Wood_Floor_Walnut_D.uasset" to "../../../../../../UE4Projects/SekaiChude/Content/StarterContent/Textures/T_Wood_Floor_Walnut_D.uasset"
[2018.11.21-00.35.32:671][  0]LogPackFactory: Copied "../../../Samples/StarterContent/Content/StarterContent/Textures/T_Wood_Floor_Walnut_M.uasset" to "../../../../../../UE4Projects/SekaiChude/Content/StarterContent/Textures/T_Wood_Floor_Walnut_M.uasset"
[2018.11.21-00.35.32:703][  0]LogPackFactory: Copied "../../../Samples/StarterContent/Content/StarterContent/Textures/T_Wood_Floor_Walnut_N.uasset" to "../../../../../../UE4Projects/SekaiChude/Content/StarterContent/Textures/T_Wood_Floor_Walnut_N.uasset"
[2018.11.21-00.35.32:763][  0]LogPackFactory: Copied "../../../Samples/StarterContent/Content/StarterContent/Textures/T_Wood_Oak_D.uasset" to "../../../../../../UE4Projects/SekaiChude/Content/StarterContent/Textures/T_Wood_Oak_D.uasset"
[2018.11.21-00.35.32:821][  0]LogPackFactory: Copied "../../../Samples/StarterContent/Content/StarterContent/Textures/T_Wood_Oak_N.uasset" to "../../../../../../UE4Projects/SekaiChude/Content/StarterContent/Textures/T_Wood_Oak_N.uasset"
[2018.11.21-00.35.32:907][  0]LogPackFactory: Copied "../../../Samples/StarterContent/Content/StarterContent/Textures/T_Wood_Pine_D.uasset" to "../../../../../../UE4Projects/SekaiChude/Content/StarterContent/Textures/T_Wood_Pine_D.uasset"
[2018.11.21-00.35.32:947][  0]LogPackFactory: Copied "../../../Samples/StarterContent/Content/StarterContent/Textures/T_Wood_Pine_N.uasset" to "../../../../../../UE4Projects/SekaiChude/Content/StarterContent/Textures/T_Wood_Pine_N.uasset"
[2018.11.21-00.35.33:009][  0]LogPackFactory: Copied "../../../Samples/StarterContent/Content/StarterContent/Textures/T_Wood_Walnut_D.uasset" to "../../../../../../UE4Projects/SekaiChude/Content/StarterContent/Textures/T_Wood_Walnut_D.uasset"
[2018.11.21-00.35.33:051][  0]LogPackFactory: Copied "../../../Samples/StarterContent/Content/StarterContent/Textures/T_Wood_Walnut_N.uasset" to "../../../../../../UE4Projects/SekaiChude/Content/StarterContent/Textures/T_Wood_Walnut_N.uasset"
[2018.11.21-00.35.33:231][  0]LogRenderer: Reallocating scene render targets to support 256x256 Format 10 NumSamples 1 (Frame:1).
[2018.11.21-00.35.33:340][  0]Cmd: OBJ SAVEPACKAGE PACKAGE="/Game/StarterContent/Architecture/Floor_400x400" FILE="../../../../../../UE4Projects/SekaiChude/Content/StarterContent/Architecture/Floor_400x400.uasset" SILENT=true
[2018.11.21-00.35.33:389][  0]LogSavePackage: Moving '../../../../../../UE4Projects/SekaiChude/Saved/Floor_400x400AA81DFB245DA8904D3C4C89657C92FE8.tmp' to '../../../../../../UE4Projects/SekaiChude/Content/StarterContent/Architecture/Floor_400x400.uasset'
[2018.11.21-00.35.33:398][  0]LogFeaturePack: Warning: Inserted 1 feature packs
[2018.11.21-00.35.33:403][  0]Cmd: MAP LOAD FILE="../../../../../../UE4Projects/SekaiChude/Content/ThirdPersonBP/Maps/ThirdPersonExampleMap.umap" TEMPLATE=0 SHOWPROGRESS=1 FEATURELEVEL=3
[2018.11.21-00.35.33:405][  0]LightingResults: New page: Lighting Build
[2018.11.21-00.35.33:414][  0]MapCheck: New page: Map Check
[2018.11.21-00.35.33:414][  0]LightingResults: New page: Lighting Build
[2018.11.21-00.35.34:094][  0]LogAIModule: Creating AISystem for world ThirdPersonExampleMap
[2018.11.21-00.35.34:103][  0]LogEditorServer: Finished looking for orphan Actors (0.000 secs)
[2018.11.21-00.35.34:129][  0]Cmd: MAP CHECKDEP NOCLEARLOG
[2018.11.21-00.35.34:218][  0]MapCheck: Map check complete: 0 Error(s), 0 Warning(s), took 88.929ms to complete.
[2018.11.21-00.35.34:218][  0]LogFileHelpers: Loading map 'ThirdPersonExampleMap' took 0.816
[2018.11.21-00.35.34:344][  0]LogSlate: Updating window title bar state: overlay mode, drag disabled, window buttons hidden, title bar hidden
[2018.11.21-00.35.34:350][  0]LogSlate: Updating window title bar state: overlay mode, drag disabled, window buttons hidden, title bar hidden
[2018.11.21-00.35.34:356][  0]LogSlate: Updating window title bar state: overlay mode, drag disabled, window buttons hidden, title bar hidden
[2018.11.21-00.35.34:362][  0]LogSlate: Updating window title bar state: overlay mode, drag disabled, window buttons hidden, title bar hidden
[2018.11.21-00.35.34:369][  0]LogCollectionManager: Loaded 0 collections in 0.001449 seconds
[2018.11.21-00.35.34:417][  0]LogFileCache: Scanning file cache for directory 'C:/UE4Projects/SekaiChude/Saved/Collections/' took 0.01s
[2018.11.21-00.35.34:417][  0]LogFileCache: Scanning file cache for directory 'C:/UE4Projects/SekaiChude/Content/Developers/18199/Collections/' took 0.01s
[2018.11.21-00.35.34:417][  0]LogFileCache: Scanning file cache for directory 'C:/UE4Projects/SekaiChude/Content/Collections/' took 0.01s
[2018.11.21-00.35.34:417][  0]LogCollectionManager: Rebuilt the GUID cache for 0 collections in 0.000001 seconds
[2018.11.21-00.35.34:440][  0]LogContentBrowser: Native class hierarchy populated in 0.0222 seconds. Added 2572 classes and 603 folders.
[2018.11.21-00.35.34:454][  0]LogContentBrowser: Native class hierarchy updated for 'WidgetCarousel' in 0.0004 seconds. Added 0 classes and 0 folders.
[2018.11.21-00.35.34:557][  0]LogContentBrowser: Native class hierarchy updated for 'AddContentDialog' in 0.0002 seconds. Added 0 classes and 0 folders.
[2018.11.21-00.35.34:583][  0]LogContentBrowser: Native class hierarchy updated for 'SceneOutliner' in 0.0002 seconds. Added 1 classes and 2 folders.
[2018.11.21-00.35.34:602][  0]LogSlate: Took 0.001234 seconds to synchronously load lazily loaded font '../../../Engine/Content/Slate/Fonts/Roboto-Regular.ttf' (155K)
[2018.11.21-00.35.34:605][  0]LogSlate: Took 0.001308 seconds to synchronously load lazily loaded font '../../../Engine/Content/Slate/Fonts/Roboto-Bold.ttf' (160K)
[2018.11.21-00.35.34:613][  0]LogSlate: Took 0.001537 seconds to synchronously load lazily loaded font '../../../Engine/Content/Editor/Slate/Fonts/FontAwesome.ttf' (139K)
[2018.11.21-00.35.34:680][  0]LogRenderer: Reallocating scene render targets to support 1156x576 Format 10 NumSamples 1 (Frame:1).
[2018.11.21-00.35.34:724][  0]LogSlate: Took 0.000252 seconds to synchronously load lazily loaded font '../../../Engine/Content/Slate/Fonts/Roboto-Light.ttf' (167K)
[2018.11.21-00.35.34:828][  0]LogContentBrowser: Native class hierarchy updated for 'HierarchicalLODOutliner' in 0.0002 seconds. Added 0 classes and 0 folders.
[2018.11.21-00.35.34:828][  0]LogLoad: (Engine Initialization) Total time: 29.49 seconds
[2018.11.21-00.35.34:828][  0]LogLoad: (Engine Initialization) Total Blueprint compile time: 0.00 seconds
[2018.11.21-00.35.35:033][  0]LogContentStreaming: Texture pool size now 1000 MB
[2018.11.21-00.35.35:066][  1]LogAssetRegistry: Asset discovery search completed in 17.9077 seconds
[2018.11.21-00.35.35:069][  1]LogCollectionManager: Rebuilt the object cache for 0 collections in 0.000000 seconds (found 0 objects)
[2018.11.21-00.35.35:069][  1]LogCollectionManager: Fixed up redirectors for 0 collections in 0.000066 seconds (updated 0 objects)
[2018.11.21-00.35.40:513][154]LogSlate: FSceneViewport::OnFocusLost() reason 2
[2018.11.21-00.35.43:993][261]LogSlate: FSceneViewport::OnFocusLost() reason 2
[2018.11.21-00.35.44:889][281]LogSlate: FSceneViewport::OnFocusLost() reason 2
[2018.11.21-00.35.44:979][281]LogD3D11RHI: Error: Result failed 
 at D:\Build\++UE4\Sync\Engine\Source\Runtime\Windows\D3D11RHI\Private\D3D11Query.cpp:146 
 with error DXGI_ERROR_DEVICE_REMOVED DXGI_ERROR_DEVICE_HUNG
[2018.11.21-00.35.44:979][281]LogD3D11RHI: [Aftermath] GDynamicRHI=0000026D4A9F60C0, GDX11NVAfterMathEnabled=0, Result=0xFFFFFFFF, bDeviceActive=0
[2018.11.21-00.35.44:979][281]LogWindows: Windows GetLastError: The operation completed successfully. (0)
[2018.11.21-00.35.47:863][281]LogWindows: Windows GetLastError: The operation completed successfully. (0)
