Log file open, 11/24/18 11:49:56
LogWindows: Failed to load 'aqProf.dll' (GetLastError=126)
LogWindows: File 'aqProf.dll' does not exist
LogWindows: Failed to load 'VSPerf140.dll' (GetLastError=126)
LogWindows: File 'VSPerf140.dll' does not exist
LogWindows: Failed to load 'VtuneApi.dll' (GetLastError=126)
LogWindows: File 'VtuneApi.dll' does not exist
LogWindows: Failed to load 'VtuneApi32e.dll' (GetLastError=126)
LogWindows: File 'VtuneApi32e.dll' does not exist
LogInit: Display: Running engine for game: SekaiChude
LogPlatformFile: Not using cached read wrapper
LogTaskGraph: Started task graph with 5 named threads and 35 total threads with 3 sets of task threads.
LogStats: Stats thread started at 0.465566
LogD3D11RHI: Loaded GFSDK_Aftermath_Lib.x64.dll
LogICUInternationalization: Display: ICU TimeZone Detection - Raw Offset: -5:00, Platform Override: ''
LogPluginManager: Mounting plugin Paper2D
LogPluginManager: Mounting plugin AISupport
LogPluginManager: Mounting plugin LightPropagationVolume
LogPluginManager: Mounting plugin CLionSourceCodeAccess
LogPluginManager: Mounting plugin CodeLiteSourceCodeAccess
LogPluginManager: Mounting plugin GitSourceControl
LogPluginManager: Mounting plugin KDevelopSourceCodeAccess
LogPluginManager: Mounting plugin NullSourceCodeAccess
LogPluginManager: Mounting plugin PerforceSourceControl
LogPluginManager: Mounting plugin SubversionSourceControl
LogPluginManager: Mounting plugin UObjectPlugin
LogPluginManager: Mounting plugin VisualStudioCodeSourceCodeAccess
LogPluginManager: Mounting plugin VisualStudioSourceCodeAccess
LogPluginManager: Mounting plugin XCodeSourceCodeAccess
LogPluginManager: Mounting plugin AssetManagerEditor
LogPluginManager: Mounting plugin CryptoKeys
LogPluginManager: Mounting plugin DataValidation
LogPluginManager: Mounting plugin FacialAnimation
LogPluginManager: Mounting plugin GameplayTagsEditor
LogPluginManager: Mounting plugin MacGraphicsSwitching
LogPluginManager: Mounting plugin MeshEditor
LogPluginManager: Mounting plugin MobileLauncherProfileWizard
LogPluginManager: Mounting plugin PluginBrowser
LogPluginManager: Mounting plugin SpeedTreeImporter
LogPluginManager: Mounting plugin DatasmithContent
LogPluginManager: Mounting plugin AlembicImporter
LogPluginManager: Mounting plugin AppleImageUtils
LogPluginManager: Mounting plugin AppleVision
LogPluginManager: Mounting plugin BackChannel
LogPluginManager: Mounting plugin CharacterAI
LogPluginManager: Mounting plugin GeometryCache
LogPluginManager: Mounting plugin HTML5Networking
LogPluginManager: Mounting plugin ProxyLODPlugin
LogPluginManager: Mounting plugin MagicLeap
LogPluginManager: Mounting plugin MagicLeapEmulator
LogPluginManager: Mounting plugin MagicLeapMedia
LogPluginManager: Mounting plugin AndroidMedia
LogPluginManager: Mounting plugin AvfMedia
LogPluginManager: Mounting plugin ImgMedia
LogPluginManager: Mounting plugin LinearTimecode
LogPluginManager: Mounting plugin MediaCompositing
LogPluginManager: Mounting plugin MediaPlayerEditor
LogPluginManager: Mounting plugin WmfMedia
LogPluginManager: Mounting plugin TcpMessaging
LogPluginManager: Mounting plugin UdpMessaging
LogPluginManager: Mounting plugin ActorSequence
LogPluginManager: Mounting plugin LevelSequenceEditor
LogPluginManager: Mounting plugin MatineeToLevelSequence
LogPluginManager: Mounting plugin NetcodeUnitTest
LogPluginManager: Mounting plugin NUTUnrealEngine4
LogPluginManager: Mounting plugin OnlineSubsystemGooglePlay
LogPluginManager: Mounting plugin OnlineSubsystemIOS
LogPluginManager: Mounting plugin OnlineSubsystem
LogPluginManager: Mounting plugin OnlineSubsystemNull
LogPluginManager: Mounting plugin OnlineSubsystemUtils
LogPluginManager: Mounting plugin LauncherChunkInstaller
LogPluginManager: Mounting plugin AndroidDeviceProfileSelector
LogPluginManager: Mounting plugin AndroidMoviePlayer
LogPluginManager: Mounting plugin AndroidPermission
LogPluginManager: Mounting plugin AppleMoviePlayer
LogPluginManager: Mounting plugin ArchVisCharacter
LogPluginManager: Mounting plugin AudioCapture
LogPluginManager: Mounting plugin CableComponent
LogPluginManager: Mounting plugin CustomMeshComponent
LogPluginManager: Mounting plugin EditableMesh
LogPluginManager: Mounting plugin ExampleDeviceProfileSelector
LogPluginManager: Mounting plugin GoogleCloudMessaging
LogPluginManager: Mounting plugin ImmediatePhysics
LogPluginManager: Mounting plugin IOSDeviceProfileSelector
LogPluginManager: Mounting plugin LinuxDeviceProfileSelector
LogPluginManager: Mounting plugin LocationServicesBPLibrary
LogPluginManager: Mounting plugin MobilePatchingUtils
LogPluginManager: Mounting plugin OculusVR
LogPluginManager: Plugin shader directory ../../../Engine/Plugins/Runtime/Oculus/OculusVR/Shaders found
LogPluginManager: Mapping shader source directory ../../../Engine/Plugins/Runtime/Oculus/OculusVR/Shaders to virtual directory /Plugin/OculusVR
LogPluginManager: Mounting plugin PhysXVehicles
LogPluginManager: Mounting plugin ProceduralMeshComponent
LogPluginManager: Mounting plugin RuntimePhysXCooking
LogPluginManager: Mounting plugin SteamVR
LogPluginManager: Mounting plugin WindowsMoviePlayer
LogStreaming: Display: Took  0.229s to configure plugins.
LogInit: Using libcurl 7.55.1-DEV
LogInit:  - built for x86_64-pc-win32
LogInit:  - supports SSL with OpenSSL/1.0.2h
LogInit:  - supports HTTP deflate (compression) using libz 1.2.8
LogInit:  - other features:
LogInit:      CURL_VERSION_SSL
LogInit:      CURL_VERSION_LIBZ
LogInit:      CURL_VERSION_IPV6
LogInit:      CURL_VERSION_ASYNCHDNS
LogInit:      CURL_VERSION_LARGEFILE
LogInit:      CURL_VERSION_IDN
LogInit:  CurlRequestOptions (configurable via config and command line):
LogInit:  - bVerifyPeer = false  - Libcurl will NOT verify peer certificate
LogInit:  - bUseHttpProxy = false  - Libcurl will NOT use HTTP proxy
LogInit:  - bDontReuseConnections = false  - Libcurl will reuse connections
LogInit:  - CertBundlePath = nullptr  - Libcurl will use whatever was configured at build time.
LogInit:  - MaxHostConnections = 16  - Libcurl will limit the number of connections to a host
LogInit:  - LocalHostAddr = Default
LogInit:  - BufferSize = 65536
LogInit: WinSock: version 1.1 (2.2), MaxSocks=32767, MaxUdp=65467
LogInit: Build: ++UE4+Release-4.20-CL-4369336
LogInit: Engine Version: 4.20.3-4369336+++UE4+Release-4.20
LogInit: Compatible Engine Version: 4.20.0-4212847+++UE4+Release-4.20
LogInit: Net CL: 4212847
LogInit: OS: Windows 10 (), CPU: Intel(R) Core(TM) i7-8750H CPU @ 2.20GHz, GPU: Intel(R) UHD Graphics 630
LogInit: Compiled (64-bit): Sep 17 2018 12:26:19
LogInit: Compiled with Visual C++: 19.13.26129.00
LogInit: Build Configuration: Development
LogInit: Branch Name: ++UE4+Release-4.20
LogInit: Command Line: -EpicPortal  -epicusername="Damion Corbyn" -epicuserid=2de704859a3d427b88969afe75c24da9 -epiclocale=en-US
LogInit: Base Directory: C:/Program Files/Epic Games/UE_4.20/Engine/Binaries/Win64/
LogInit: Installed Engine Build: 1
LogDevObjectVersion: Number of dev versions registered: 20
LogDevObjectVersion:   Dev-Blueprints (B0D832E4-1F89-4F0D-ACCF-7EB736FD4AA2): 10
LogDevObjectVersion:   Dev-Build (E1C64328-A22C-4D53-A36C-8E866417BD8C): 0
LogDevObjectVersion:   Dev-Core (375EC13C-06E4-48FB-B500-84F0262A717E): 2
LogDevObjectVersion:   Dev-Editor (E4B068ED-F494-42E9-A231-DA0B2E46BB41): 24
LogDevObjectVersion:   Dev-Framework (CFFC743F-43B0-4480-9391-14DF171D2073): 34
LogDevObjectVersion:   Dev-Mobile (B02B49B5-BB20-44E9-A304-32B752E40360): 2
LogDevObjectVersion:   Dev-Networking (A4E4105C-59A1-49B5-A7C5-40C4547EDFEE): 0
LogDevObjectVersion:   Dev-Online (39C831C9-5AE6-47DC-9A44-9C173E1C8E7C): 0
LogDevObjectVersion:   Dev-Physics (78F01B33-EBEA-4F98-B9B4-84EACCB95AA2): 0
LogDevObjectVersion:   Dev-Platform (6631380F-2D4D-43E0-8009-CF276956A95A): 0
LogDevObjectVersion:   Dev-Rendering (12F88B9F-8875-4AFC-A67C-D90C383ABD29): 26
LogDevObjectVersion:   Dev-Sequencer (7B5AE74C-D270-4C10-A958-57980B212A5A): 9
LogDevObjectVersion:   Dev-VR (D7296918-1DD6-4BDD-9DE2-64A83CC13884): 2
LogDevObjectVersion:   Dev-LoadTimes (C2A15278-BFE7-4AFE-6C17-90FF531DF755): 1
LogDevObjectVersion:   Private-Geometry (6EACA3D4-40EC-4CC1-B786-8BED09428FC5): 3
LogDevObjectVersion:   Dev-AnimPhys (29E575DD-E0A3-4627-9D10-D276232CDCEA): 17
LogDevObjectVersion:   Dev-ReflectionCapture (6B266CEC-1EC7-4B8F-A30B-E4D90942FC07): 1
LogDevObjectVersion:   Dev-Automation (0DF73D61-A23F-47EA-B727-89E90C41499A): 1
LogDevObjectVersion:   FortniteMain (601D1886-AC64-4F84-AA16-D3DE0DEAC7D6): 12
LogDevObjectVersion:   Dev-Enterprise (9DFFBCD6-494F-0158-E221-12823C92A888): 1
LogStreaming: Display: Took  0.004s to delete old logs.
LogInit: Presizing for max 8388607 objects, including 0 objects not considered by GC, pre-allocating 0 bytes for permanent pool.
LogInit: Object subsystem initialized
[2018.11.24-16.49.56:986][  0]LogInit: Selected Device Profile: [Windows]
[2018.11.24-16.49.56:986][  0]LogInit: Applying CVar settings loaded from the selected device profile: [Windows]
[2018.11.24-16.49.57:010][  0]LogHAL: Display: Platform has ~ 16 GB [17018638336 / 17179869184 / 16], which maps to Larger [LargestMinGB=32, LargerMinGB=12, DefaultMinGB=8, SmallerMinGB=6, SmallestMinGB=0)
[2018.11.24-16.49.57:010][  0]LogInit: Setting Device Profile CVar: [[r.Vulkan.UseRealUBs:1]]
[2018.11.24-16.49.57:011][  0]LogInit: Going up to parent DeviceProfile []
[2018.11.24-16.49.57:011][  0]LogInit: Computer: MSI
[2018.11.24-16.49.57:011][  0]LogInit: User: 18199
[2018.11.24-16.49.57:011][  0]LogInit: CPU Page size=4096, Cores=6
[2018.11.24-16.49.57:011][  0]LogInit: High frequency timer resolution =10.000000 MHz
[2018.11.24-16.49.57:012][  0]LogMemory: Memory total: Physical=15.8GB (16GB approx)
[2018.11.24-16.49.57:012][  0]LogMemory: Platform Memory Stats for Windows
[2018.11.24-16.49.57:012][  0]LogMemory: Process Physical Memory: 101.51 MB used, 101.51 MB peak
[2018.11.24-16.49.57:012][  0]LogMemory: Process Virtual Memory: 85.93 MB used, 85.93 MB peak
[2018.11.24-16.49.57:012][  0]LogMemory: Physical Memory: 7449.00 MB used,  8781.23 MB free, 16230.24 MB total
[2018.11.24-16.49.57:012][  0]LogMemory: Virtual Memory: 4654.63 MB used,  8781.23 MB free, 134217728.00 MB total
[2018.11.24-16.49.57:482][  0]LogInit: Using OS detected language (en-US).
[2018.11.24-16.49.57:482][  0]LogInit: Using OS detected locale (en-CA).
[2018.11.24-16.49.57:483][  0]LogTextLocalizationManager: No specific localization for 'en-US' exists, so the 'en' localization will be used.
[2018.11.24-16.49.57:924][  0]LogStreaming: Display: Took  0.442s to InitEngineTextLocalization.
[2018.11.24-16.49.57:982][  0]LogSlate: New Slate User Created.  User Index 0, Is Virtual User: 0
[2018.11.24-16.49.57:982][  0]LogSlate: Slate User Registered.  User Index 0, Is Virtual User: 0
[2018.11.24-16.49.58:245][  0]LogHMD: Failed to initialize OpenVR with code 110
[2018.11.24-16.49.58:245][  0]LogD3D11RHI: D3D11 adapters:
[2018.11.24-16.49.58:309][  0]LogD3D11RHI:    0. 'NVIDIA GeForce GTX 1070' (Feature Level 11_0)
[2018.11.24-16.49.58:310][  0]LogD3D11RHI:       8081/0/8115 MB DedicatedVideo/DedicatedSystem/SharedSystem, Outputs:1, VendorId:0x10de
[2018.11.24-16.49.58:325][  0]LogD3D11RHI:    1. 'Intel(R) UHD Graphics 630' (Feature Level 11_0)
[2018.11.24-16.49.58:325][  0]LogD3D11RHI:       128/0/8115 MB DedicatedVideo/DedicatedSystem/SharedSystem, Outputs:0, VendorId:0x8086
[2018.11.24-16.49.58:327][  0]LogD3D11RHI:    2. 'Microsoft Basic Render Driver' (Feature Level 11_0)
[2018.11.24-16.49.58:327][  0]LogD3D11RHI:       0/0/8115 MB DedicatedVideo/DedicatedSystem/SharedSystem, Outputs:0, VendorId:0x1414
[2018.11.24-16.49.58:327][  0]LogD3D11RHI: Chosen D3D11 Adapter: 0
[2018.11.24-16.49.58:356][  0]LogD3D11RHI: Creating new Direct3DDevice
[2018.11.24-16.49.58:356][  0]LogD3D11RHI:     GPU DeviceId: 0x1ba1 (for the marketing name, search the web for "GPU Device Id")
[2018.11.24-16.49.58:356][  0]LogWindows: EnumDisplayDevices:
[2018.11.24-16.49.58:356][  0]LogWindows:    0. 'Intel(R) UHD Graphics 630' (P:1 D:1)
[2018.11.24-16.49.58:356][  0]LogWindows:    1. 'Intel(R) UHD Graphics 630' (P:0 D:0)
[2018.11.24-16.49.58:357][  0]LogWindows:    2. 'Intel(R) UHD Graphics 630' (P:0 D:0)
[2018.11.24-16.49.58:357][  0]LogWindows:    3. 'NVIDIA GeForce GTX 1070' (P:0 D:0)
[2018.11.24-16.49.58:357][  0]LogWindows:    4. 'NVIDIA GeForce GTX 1070' (P:0 D:0)
[2018.11.24-16.49.58:358][  0]LogWindows:    5. 'NVIDIA GeForce GTX 1070' (P:0 D:0)
[2018.11.24-16.49.58:358][  0]LogWindows:    6. 'NVIDIA GeForce GTX 1070' (P:0 D:0)
[2018.11.24-16.49.58:358][  0]LogWindows: DebugString: PrimaryIsNotTheChoosenAdapter PrimaryIsNotTheChoosenAdapter PrimaryIsNotTheChoosenAdapter FoundDriverCount:4 
[2018.11.24-16.49.58:358][  0]LogD3D11RHI:     Adapter Name: NVIDIA GeForce GTX 1070
[2018.11.24-16.49.58:358][  0]LogD3D11RHI:   Driver Version: 399.01 (internal:24.21.13.9901, unified:399.01)
[2018.11.24-16.49.58:358][  0]LogD3D11RHI:      Driver Date: 8-13-2018
[2018.11.24-16.49.58:358][  0]LogRHI: Texture pool is 5656 MB (70% of 8081 MB)
[2018.11.24-16.49.58:403][  0]LogD3D11RHI: Async texture creation enabled
[2018.11.24-16.49.58:433][  0]LogD3D11RHI: GPU Timing Frequency: 1000.000000 (Debug: 2 2)
[2018.11.24-16.49.58:435][  0]LogShaderCompilers: Guid format shader working directory is 6 characters bigger than the processId version (../../../../../../UE4Projects/SekaiChude/Intermediate/Shaders/WorkingDirectory/3292/).
[2018.11.24-16.49.58:436][  0]LogShaderCompilers: Cleaned the shader compiler working directory 'C:/Users/18199/AppData/Local/Temp/UnrealShaderWorkingDir/855FBD914A621D3A79E295AEB5ED2E95/'.
[2018.11.24-16.49.58:771][  0]LogTemp: Display: Loaded TP AllDesktopTargetPlatform
[2018.11.24-16.49.58:792][  0]LogTemp: Display: Loaded TP MacClientTargetPlatform
[2018.11.24-16.49.58:812][  0]LogTemp: Display: Loaded TP MacNoEditorTargetPlatform
[2018.11.24-16.49.58:831][  0]LogTemp: Display: Loaded TP MacServerTargetPlatform
[2018.11.24-16.49.58:851][  0]LogTemp: Display: Loaded TP MacTargetPlatform
[2018.11.24-16.49.58:865][  0]LogTemp: Display: Loaded TP WindowsClientTargetPlatform
[2018.11.24-16.49.58:879][  0]LogTemp: Display: Loaded TP WindowsNoEditorTargetPlatform
[2018.11.24-16.49.58:894][  0]LogTemp: Display: Loaded TP WindowsServerTargetPlatform
[2018.11.24-16.49.58:901][  0]LogTemp: Display: Loaded TP WindowsTargetPlatform
[2018.11.24-16.49.58:999][  0]LogTemp: Display: Loaded TP AndroidTargetPlatform
[2018.11.24-16.49.58:999][  0]LogTemp: Display: Loaded TP AndroidTargetPlatform
[2018.11.24-16.49.58:999][  0]LogTemp: Display: Loaded TP AndroidTargetPlatform
[2018.11.24-16.49.58:999][  0]LogTemp: Display: Loaded TP AndroidTargetPlatform
[2018.11.24-16.49.58:999][  0]LogTemp: Display: Loaded TP AndroidTargetPlatform
[2018.11.24-16.49.58:999][  0]LogTemp: Display: Loaded TP AndroidTargetPlatform
[2018.11.24-16.49.58:999][  0]LogTemp: Display: Loaded TP AndroidTargetPlatform
[2018.11.24-16.49.58:999][  0]LogTemp: Display: Loaded TP AndroidTargetPlatform
[2018.11.24-16.49.58:999][  0]LogTemp: Display: Loaded TP AndroidTargetPlatform
[2018.11.24-16.49.58:999][  0]LogTemp: Display: Loaded TP AndroidTargetPlatform
[2018.11.24-16.49.58:999][  0]LogTemp: Display: Loaded TP AndroidTargetPlatform
[2018.11.24-16.49.58:999][  0]LogTemp: Display: Loaded TP AndroidTargetPlatform
[2018.11.24-16.49.58:999][  0]LogTemp: Display: Loaded TP AndroidTargetPlatform
[2018.11.24-16.49.58:999][  0]LogTemp: Display: Loaded TP AndroidTargetPlatform
[2018.11.24-16.49.58:999][  0]LogTemp: Display: Loaded TP AndroidTargetPlatform
[2018.11.24-16.49.58:999][  0]LogTemp: Display: Loaded TP AndroidTargetPlatform
[2018.11.24-16.49.58:999][  0]LogTemp: Display: Loaded TP AndroidTargetPlatform
[2018.11.24-16.49.58:999][  0]LogTemp: Display: Loaded TP AndroidTargetPlatform
[2018.11.24-16.49.59:001][  0]LogTemp: Display: Loaded TP HTML5TargetPlatform
[2018.11.24-16.49.59:068][  0]LogTemp: Display: Loaded TP IOSTargetPlatform
[2018.11.24-16.49.59:068][  0]LogTemp: Display: Loaded TP IOSTargetPlatform
[2018.11.24-16.49.59:102][  0]LogTemp: Display: Loaded TP TVOSTargetPlatform
[2018.11.24-16.49.59:102][  0]LogTemp: Display: Loaded TP TVOSTargetPlatform
[2018.11.24-16.49.59:114][  0]LogTemp: Display: Loaded TP LinuxClientTargetPlatform
[2018.11.24-16.49.59:124][  0]LogTemp: Display: Loaded TP LinuxNoEditorTargetPlatform
[2018.11.24-16.49.59:137][  0]LogTemp: Display: Loaded TP LinuxServerTargetPlatform
[2018.11.24-16.49.59:148][  0]LogTemp: Display: Loaded TP LinuxTargetPlatform
[2018.11.24-16.49.59:155][  0]LogTemp: Display: Loaded TP LuminTargetPlatform
[2018.11.24-16.49.59:155][  0]LogTargetPlatformManager: Display: Building Assets For Windows
[2018.11.24-16.49.59:213][  0]LogXGEController: Cannot use XGE Controller as Incredibuild is not installed on this machine.
[2018.11.24-16.49.59:213][  0]LogShaderCompilers: Cannot use XGE Shader Compiler as Incredibuild is not installed on this machine.
[2018.11.24-16.49.59:213][  0]LogShaderCompilers: Display: Using Local Shader Compiler.
[2018.11.24-16.49.59:941][  0]LogDerivedDataCache: Display: Max Cache Size: 512 MB
[2018.11.24-16.49.59:993][  0]LogDerivedDataCache: Loaded boot cache 0.05s 71MB C:/Users/18199/AppData/Local/UnrealEngine/4.20/DerivedDataCache/Boot.ddc.
[2018.11.24-16.49.59:993][  0]LogDerivedDataCache: Display: Loaded Boot cache: C:/Users/18199/AppData/Local/UnrealEngine/4.20/DerivedDataCache/Boot.ddc
[2018.11.24-16.49.59:993][  0]LogDerivedDataCache: FDerivedDataBackendGraph:  Pak pak cache file ../../../../../../UE4Projects/SekaiChude/DerivedDataCache/DDC.ddp not found, will not use a pak cache.
[2018.11.24-16.49.59:993][  0]LogDerivedDataCache: Unable to find inner node Pak for hierarchical cache Hierarchy.
[2018.11.24-16.49.59:993][  0]LogDerivedDataCache: FDerivedDataBackendGraph:  CompressedPak pak cache file ../../../../../../UE4Projects/SekaiChude/DerivedDataCache/Compressed.ddp not found, will not use a pak cache.
[2018.11.24-16.49.59:993][  0]LogDerivedDataCache: Unable to find inner node CompressedPak for hierarchical cache Hierarchy.
[2018.11.24-16.50.00:006][  0]LogDerivedDataCache: Display: Pak cache opened for reading ../../../Engine/DerivedDataCache/Compressed.ddp.
[2018.11.24-16.50.00:018][  0]LogDerivedDataCache: Using Local data cache path C:/Users/18199/AppData/Local/UnrealEngine/Common/DerivedDataCache: Writable
[2018.11.24-16.50.00:018][  0]LogDerivedDataCache: Shared data cache path not found in *engine.ini, will not use an Shared cache.
[2018.11.24-16.50.00:018][  0]LogDerivedDataCache: Unable to find inner node Shared for hierarchical cache Hierarchy.
[2018.11.24-16.50.00:034][  0]LogMaterial: Verifying Global Shaders for PCD3D_SM5
[2018.11.24-16.50.00:036][  0]LogSlate: Using FreeType 2.6.0
[2018.11.24-16.50.00:036][  0]LogSlate: SlateFontServices - WITH_FREETYPE: 1, WITH_HARFBUZZ: 1
[2018.11.24-16.50.00:105][  0]LogAssetRegistry: FAssetRegistry took 0.0262 seconds to start up
[2018.11.24-16.50.00:391][  0]LogInit: Selected Device Profile: [Windows]
[2018.11.24-16.50.00:547][  0]LogSimplygon: Simplygon DLL not present - disabling.
[2018.11.24-16.50.00:563][  0]LogMeshReduction: Using SimplygonSwarm for distributed automatic mesh merging
[2018.11.24-16.50.00:563][  0]LogMeshReduction: Using ProxyLODMeshReduction for automatic mesh merging
[2018.11.24-16.50.00:563][  0]LogMeshReduction: Using QuadricMeshReduction for automatic static mesh reduction
[2018.11.24-16.50.00:563][  0]LogMeshReduction: No automatic skeletal mesh reduction module available
[2018.11.24-16.50.00:633][  0]LogNetVersion: SekaiChude 1.0.0, NetCL: 4212847, EngineNetVer: 5, GameNetVer: 0 (Checksum: 536650890)
[2018.11.24-16.50.02:566][  0]LogPackageLocalizationCache: Processed 11 localized package path(s) for 2 prioritized culture(s) in 0.275101 seconds
[2018.11.24-16.50.02:573][  0]LogUObjectArray: 38425 objects as part of root set at end of initial load.
[2018.11.24-16.50.02:573][  0]LogUObjectAllocator: 6690864 out of 0 bytes used by permanent object pool.
[2018.11.24-16.50.02:573][  0]LogUObjectArray: CloseDisregardForGC: 0/0 objects in disregard for GC pool
[2018.11.24-16.50.03:616][  0]LogTcpMessaging: Initializing TcpMessaging bridge
[2018.11.24-16.50.03:630][  0]LogUdpMessaging: Initializing bridge on interface 0.0.0.0:0 to multicast group 230.0.0.1:6666.
[2018.11.24-16.50.03:772][  0]SourceControl: Source control is disabled
[2018.11.24-16.50.03:772][  0]SourceControl: Source control is disabled
[2018.11.24-16.50.03:773][  0]SourceControl: Source control is disabled
[2018.11.24-16.50.03:774][  0]SourceControl: Source control is disabled
[2018.11.24-16.50.03:932][  0]LogAndroidPermission: UAndroidPermissionCallbackProxy::GetInstance
[2018.11.24-16.50.03:987][  0]LogOcInput: OculusInput pre-init called
[2018.11.24-16.50.04:043][  0]LogEngine: Initializing Engine...
[2018.11.24-16.50.04:044][  0]LogHMD: Failed to initialize OpenVR with code 110
[2018.11.24-16.50.04:046][  0]LogStats: UGameplayTagsManager::ConstructGameplayTagTree: ImportINI prefixes -  0.000 s
[2018.11.24-16.50.04:046][  0]LogStats: UGameplayTagsManager::ConstructGameplayTagTree: Construct from data asset -  0.000 s
[2018.11.24-16.50.04:046][  0]LogStats: UGameplayTagsManager::ConstructGameplayTagTree: ImportINI -  0.000 s
[2018.11.24-16.50.04:046][  0]LogStats: UGameplayTagsManager::ConstructGameplayTagTree: GameplayTagTreeChangedEvent.Broadcast -  0.000 s
[2018.11.24-16.50.04:308][  0]LogInit: Initializing FReadOnlyCVARCache
[2018.11.24-16.50.04:323][  0]LogAIModule: Creating AISystem for world Untitled
[2018.11.24-16.50.04:332][  0]LogInit: XAudio2 using 'Speakers (Realtek(R) Audio)' : 6 channels at 48 kHz using 32 bits per sample (channel mask 0x3f)
[2018.11.24-16.50.04:562][  0]LogInit: FAudioDevice initialized.
[2018.11.24-16.50.04:562][  0]LogNetVersion: Set ProjectVersion to 1.0.0.0. Version Checksum will be recalculated on next use.
[2018.11.24-16.50.04:617][  0]LogDerivedDataCache: Saved boot cache 0.05s 71MB C:/Users/18199/AppData/Local/UnrealEngine/4.20/DerivedDataCache/Boot.ddc.
[2018.11.24-16.50.04:617][  0]LogInit: Texture streaming: Enabled
[2018.11.24-16.50.04:636][  0]LogEngineSessionManager: EngineSessionManager initialized
[2018.11.24-16.50.04:647][  0]LogInit: Transaction tracking system initialized
[2018.11.24-16.50.04:676][  0]BlueprintLog: New page: Editor Load
[2018.11.24-16.50.04:760][  0]LocalizationService: Localization service is disabled
[2018.11.24-16.50.05:064][  0]LogCook: Display: Max memory allowance for cook 16384mb min free memory 0mb
[2018.11.24-16.50.05:064][  0]LogCook: Display: Mobile HDR setting 1
[2018.11.24-16.50.05:064][  0]LogGameplayTags: Display: UGameplayTagsManager::DoneAddingNativeTags. DelegateIsBound: 0
[2018.11.24-16.50.05:064][  0]LogStats: UGameplayTagsManager::ConstructGameplayTagTree: ImportINI prefixes -  0.000 s
[2018.11.24-16.50.05:064][  0]LogStats: UGameplayTagsManager::ConstructGameplayTagTree: Construct from data asset -  0.000 s
[2018.11.24-16.50.05:064][  0]LogStats: UGameplayTagsManager::ConstructGameplayTagTree: ImportINI -  0.000 s
[2018.11.24-16.50.05:064][  0]LogStats: UGameplayTagsManager::ConstructGameplayTagTree: GameplayTagTreeChangedEvent.Broadcast -  0.000 s
[2018.11.24-16.50.05:182][  0]LogFileCache: Scanning file cache for directory 'C:/UE4Projects/SekaiChude/Content/' took 0.02s
[2018.11.24-16.50.05:182][  0]SourceControl: Source control is disabled
[2018.11.24-16.50.05:183][  0]Cmd: MAP LOAD FILE="../../../../../../UE4Projects/SekaiChude/Content/ThirdPersonBP/Maps/ThirdPersonExampleMap.umap" TEMPLATE=0 SHOWPROGRESS=1 FEATURELEVEL=3
[2018.11.24-16.50.05:183][  0]LightingResults: New page: Lighting Build
[2018.11.24-16.50.05:186][  0]MapCheck: New page: Map Check
[2018.11.24-16.50.05:186][  0]LightingResults: New page: Lighting Build
[2018.11.24-16.50.05:623][  0]LogAIModule: Creating AISystem for world ThirdPersonExampleMap
[2018.11.24-16.50.05:636][  0]LogEditorServer: Finished looking for orphan Actors (0.000 secs)
[2018.11.24-16.50.05:660][  0]Cmd: MAP CHECKDEP NOCLEARLOG
[2018.11.24-16.50.05:755][  0]MapCheck: Map check complete: 0 Error(s), 0 Warning(s), took 94.444ms to complete.
[2018.11.24-16.50.05:756][  0]LogFileHelpers: Loading map 'ThirdPersonExampleMap' took 0.573
[2018.11.24-16.50.05:867][  0]LogSlate: Updating window title bar state: overlay mode, drag disabled, window buttons hidden, title bar hidden
[2018.11.24-16.50.05:873][  0]LogSlate: Updating window title bar state: overlay mode, drag disabled, window buttons hidden, title bar hidden
[2018.11.24-16.50.05:879][  0]LogSlate: Updating window title bar state: overlay mode, drag disabled, window buttons hidden, title bar hidden
[2018.11.24-16.50.05:886][  0]LogSlate: Updating window title bar state: overlay mode, drag disabled, window buttons hidden, title bar hidden
[2018.11.24-16.50.05:893][  0]LogCollectionManager: Loaded 0 collections in 0.001880 seconds
[2018.11.24-16.50.05:933][  0]LogFileCache: Scanning file cache for directory 'C:/UE4Projects/SekaiChude/Saved/Collections/' took 0.01s
[2018.11.24-16.50.05:933][  0]LogFileCache: Scanning file cache for directory 'C:/UE4Projects/SekaiChude/Content/Developers/18199/Collections/' took 0.01s
[2018.11.24-16.50.05:933][  0]LogFileCache: Scanning file cache for directory 'C:/UE4Projects/SekaiChude/Content/Collections/' took 0.01s
[2018.11.24-16.50.05:933][  0]LogCollectionManager: Rebuilt the GUID cache for 0 collections in 0.000001 seconds
[2018.11.24-16.50.05:942][  0]LogContentBrowser: Native class hierarchy populated in 0.0078 seconds. Added 2572 classes and 603 folders.
[2018.11.24-16.50.05:948][  0]LogContentBrowser: Native class hierarchy updated for 'WidgetCarousel' in 0.0002 seconds. Added 0 classes and 0 folders.
[2018.11.24-16.50.05:997][  0]LogContentBrowser: Native class hierarchy updated for 'AddContentDialog' in 0.0003 seconds. Added 0 classes and 0 folders.
[2018.11.24-16.50.06:003][  0]LogContentBrowser: Native class hierarchy updated for 'SceneOutliner' in 0.0003 seconds. Added 1 classes and 2 folders.
[2018.11.24-16.50.06:016][  0]LogSlate: Took 0.000219 seconds to synchronously load lazily loaded font '../../../Engine/Content/Slate/Fonts/Roboto-Regular.ttf' (155K)
[2018.11.24-16.50.06:019][  0]LogSlate: Took 0.000227 seconds to synchronously load lazily loaded font '../../../Engine/Content/Slate/Fonts/Roboto-Bold.ttf' (160K)
[2018.11.24-16.50.06:025][  0]LogSlate: Took 0.000232 seconds to synchronously load lazily loaded font '../../../Engine/Content/Editor/Slate/Fonts/FontAwesome.ttf' (139K)
[2018.11.24-16.50.06:116][  0]LogRenderer: Reallocating scene render targets to support 1156x576 Format 10 NumSamples 1 (Frame:1).
[2018.11.24-16.50.06:304][  0]LogContentBrowser: Native class hierarchy updated for 'HierarchicalLODOutliner' in 0.0004 seconds. Added 0 classes and 0 folders.
[2018.11.24-16.50.06:304][  0]LogLoad: (Engine Initialization) Total time: 11.97 seconds
[2018.11.24-16.50.06:304][  0]LogLoad: (Engine Initialization) Total Blueprint compile time: 0.00 seconds
[2018.11.24-16.50.06:339][  0]LogContentStreaming: Texture pool size now 1000 MB
[2018.11.24-16.50.06:357][  0]LogSlate: Took 0.000198 seconds to synchronously load lazily loaded font '../../../Engine/Content/Slate/Fonts/Roboto-Light.ttf' (167K)
[2018.11.24-16.50.06:371][  1]LogAssetRegistry: Asset discovery search completed in 6.2896 seconds
[2018.11.24-16.50.06:374][  1]LogCollectionManager: Rebuilt the object cache for 0 collections in 0.000000 seconds (found 0 objects)
[2018.11.24-16.50.06:374][  1]LogCollectionManager: Fixed up redirectors for 0 collections in 0.000106 seconds (updated 0 objects)
[2018.11.24-16.50.20:297][411]LogSlate: FSceneViewport::OnFocusLost() reason 0
[2018.11.24-16.50.20:363][412]LogTemp: Repeating last play command: Selected Viewport
[2018.11.24-16.50.20:371][412]LogBlueprintUserMessages: Early PlayInEditor Detection: Level '/Game/ThirdPersonBP/Maps/ThirdPersonExampleMap.ThirdPersonExampleMap:PersistentLevel' has LevelScriptBlueprint '/Game/ThirdPersonBP/Maps/ThirdPersonExampleMap.ThirdPersonExampleMap:PersistentLevel.ThirdPersonExampleMap' with GeneratedClass '/Game/ThirdPersonBP/Maps/ThirdPersonExampleMap.ThirdPersonExampleMap_C' with ClassGeneratedBy '/Game/ThirdPersonBP/Maps/ThirdPersonExampleMap.ThirdPersonExampleMap:PersistentLevel.ThirdPersonExampleMap'
[2018.11.24-16.50.20:372][412]LogPlayLevel: PlayLevel: No blueprints needed recompiling
[2018.11.24-16.50.20:387][412]PIE: New page: PIE session: ThirdPersonExampleMap (Nov 24, 2018, 6:50:20 AM)
[2018.11.24-16.50.20:388][412]LogPlayLevel: Creating play world package: /Game/ThirdPersonBP/Maps/UEDPIE_0_ThirdPersonExampleMap
[2018.11.24-16.50.20:406][412]LogPlayLevel: PIE: StaticDuplicateObject took: (0.018316s)
[2018.11.24-16.50.20:407][412]LogAIModule: Creating AISystem for world ThirdPersonExampleMap
[2018.11.24-16.50.20:407][412]LogPlayLevel: PIE: World Init took: (0.000615s)
[2018.11.24-16.50.20:407][412]LogPlayLevel: PIE: Created PIE world by copying editor world from /Game/ThirdPersonBP/Maps/ThirdPersonExampleMap.ThirdPersonExampleMap to /Game/ThirdPersonBP/Maps/UEDPIE_0_ThirdPersonExampleMap.ThirdPersonExampleMap (0.019065s)
[2018.11.24-16.50.20:436][412]LogInit: XAudio2 using 'Speakers (Realtek(R) Audio)' : 6 channels at 48 kHz using 32 bits per sample (channel mask 0x3f)
[2018.11.24-16.50.20:528][412]LogInit: FAudioDevice initialized.
[2018.11.24-16.50.20:582][412]LogLoad: Game class is 'ThirdPersonGameMode_C'
[2018.11.24-16.50.20:586][412]LogWorld: Bringing World /Game/ThirdPersonBP/Maps/UEDPIE_0_ThirdPersonExampleMap.ThirdPersonExampleMap up for play (max tick rate 0) at 2018.11.24-11.50.20
[2018.11.24-16.50.20:586][412]LogWorld: Bringing up level for play took: 0.001895
[2018.11.24-16.50.20:607][412]LogContentBrowser: Native class hierarchy updated for 'MovieSceneCapture' in 0.0003 seconds. Added 10 classes and 0 folders.
[2018.11.24-16.50.20:608][412]PIE: Play in editor start time for /Game/ThirdPersonBP/Maps/UEDPIE_0_ThirdPersonExampleMap -0.304
[2018.11.24-16.50.20:608][412]LogBlueprintUserMessages: Late PlayInEditor Detection: Level '/Game/ThirdPersonBP/Maps/ThirdPersonExampleMap.ThirdPersonExampleMap:PersistentLevel' has LevelScriptBlueprint '/Game/ThirdPersonBP/Maps/ThirdPersonExampleMap.ThirdPersonExampleMap:PersistentLevel.ThirdPersonExampleMap' with GeneratedClass '/Game/ThirdPersonBP/Maps/ThirdPersonExampleMap.ThirdPersonExampleMap_C' with ClassGeneratedBy '/Game/ThirdPersonBP/Maps/ThirdPersonExampleMap.ThirdPersonExampleMap:PersistentLevel.ThirdPersonExampleMap'
[2018.11.24-16.50.28:649][737]LogBlueprintUserMessages: Early EndPlayMap Detection: Level '/Game/ThirdPersonBP/Maps/ThirdPersonExampleMap.ThirdPersonExampleMap:PersistentLevel' has LevelScriptBlueprint '/Game/ThirdPersonBP/Maps/ThirdPersonExampleMap.ThirdPersonExampleMap:PersistentLevel.ThirdPersonExampleMap' with GeneratedClass '/Game/ThirdPersonBP/Maps/ThirdPersonExampleMap.ThirdPersonExampleMap_C' with ClassGeneratedBy '/Game/ThirdPersonBP/Maps/ThirdPersonExampleMap.ThirdPersonExampleMap:PersistentLevel.ThirdPersonExampleMap'
[2018.11.24-16.50.28:654][737]LogSlate: Updating window title bar state: overlay mode, drag disabled, window buttons hidden, title bar hidden
[2018.11.24-16.50.28:723][737]LogPlayLevel: Display: Shutting down PIE online subsystems
[2018.11.24-16.50.28:724][737]LogBlueprintUserMessages: Late EndPlayMap Detection: Level '/Game/ThirdPersonBP/Maps/ThirdPersonExampleMap.ThirdPersonExampleMap:PersistentLevel' has LevelScriptBlueprint '/Game/ThirdPersonBP/Maps/ThirdPersonExampleMap.ThirdPersonExampleMap:PersistentLevel.ThirdPersonExampleMap' with GeneratedClass '/Game/ThirdPersonBP/Maps/ThirdPersonExampleMap.ThirdPersonExampleMap_C' with ClassGeneratedBy '/Game/ThirdPersonBP/Maps/ThirdPersonExampleMap.ThirdPersonExampleMap:PersistentLevel.ThirdPersonExampleMap'
[2018.11.24-16.50.28:805][737]LogSlate: Updating window title bar state: overlay mode, drag disabled, window buttons hidden, title bar hidden
[2018.11.24-16.50.28:828][738]LogPlayLevel: Display: Destroying online subsystem :Context_1
[2018.11.24-16.50.31:618][798]LogSlate: FSceneViewport::OnFocusLost() reason 2
[2018.11.24-16.50.33:363][816]LogSlate: FSceneViewport::OnFocusLost() reason 2
[2018.11.24-16.50.33:893][816]LogD3D11RHI: Timed out while waiting for GPU to catch up. (0.5 s)
[2018.11.24-16.50.33:898][817]LogD3D11RHI: Error: Result failed 
 at D:\Build\++UE4\Sync\Engine\Source\Runtime\Windows\D3D11RHI\Private\D3D11Viewport.cpp:304 
 with error DXGI_ERROR_DEVICE_REMOVED DXGI_ERROR_DEVICE_HUNG
[2018.11.24-16.50.33:898][817]LogD3D11RHI: [Aftermath] GDynamicRHI=0000026D9C350080, GDX11NVAfterMathEnabled=0, Result=0xFFFFFFFF, bDeviceActive=0
[2018.11.24-16.50.33:898][817]LogWindows: Windows GetLastError: The operation completed successfully. (0)
[2018.11.24-16.50.35:356][818]LogWindows: Windows GetLastError: The operation completed successfully. (0)
[2018.11.24-16.50.35:356][818]LogWindows: Error: === Critical error: ===
[2018.11.24-16.50.35:356][818]LogWindows: Error: 
[2018.11.24-16.50.35:356][818]LogWindows: Error: Fatal error: [File:D:\Build\++UE4\Sync\Engine\Source\Runtime\RenderCore\Private\RenderingThread.cpp] [Line: 826] 
[2018.11.24-16.50.35:356][818]LogWindows: Error: Rendering thread exception:
[2018.11.24-16.50.35:356][818]LogWindows: Error: Fatal error: [File:D:\Build\++UE4\Sync\Engine\Source\Runtime\Windows\D3D11RHI\Private\D3D11Util.cpp] [Line: 200] 
[2018.11.24-16.50.35:356][818]LogWindows: Error: Unreal Engine is exiting due to D3D device being lost. (Error: 0x887A0006 - 'HUNG')
[2018.11.24-16.50.35:356][818]LogWindows: Error: 
[2018.11.24-16.50.35:356][818]LogWindows: Error: 
[2018.11.24-16.50.35:356][818]LogWindows: Error: [Callstack] 0x00007ffdd6325299 KERNELBASE.dll!UnknownFunction []
[2018.11.24-16.50.35:356][818]LogWindows: Error: [Callstack] 0x00007ffdb3796850 UE4Editor-ApplicationCore.dll!UnknownFunction []
[2018.11.24-16.50.35:356][818]LogWindows: Error: [Callstack] 0x00007ffda25e62fc UE4Editor-Core.dll!UnknownFunction []
[2018.11.24-16.50.35:356][818]LogWindows: Error: [Callstack] 0x00007ffda25751db UE4Editor-Core.dll!UnknownFunction []
[2018.11.24-16.50.35:356][818]LogWindows: Error: [Callstack] 0x00007ffd66e8adea UE4Editor-D3D11RHI.dll!UnknownFunction []
[2018.11.24-16.50.35:356][818]LogWindows: Error: [Callstack] 0x00007ffd66e8e6e4 UE4Editor-D3D11RHI.dll!UnknownFunction []
[2018.11.24-16.50.35:356][818]LogWindows: Error: [Callstack] 0x00007ffd66e6d0aa UE4Editor-D3D11RHI.dll!UnknownFunction []
[2018.11.24-16.50.35:356][818]LogWindows: Error: [Callstack] 0x00007ffd66e7ab70 UE4Editor-D3D11RHI.dll!UnknownFunction []
[2018.11.24-16.50.35:356][818]LogWindows: Error: [Callstack] 0x00007ffda1beb106 UE4Editor-RHI.dll!UnknownFunction []
[2018.11.24-16.50.35:356][818]LogWindows: Error: [Callstack] 0x00007ffd66bf1b42 UE4Editor-SlateRHIRenderer.dll!UnknownFunction []
[2018.11.24-16.50.35:356][818]LogWindows: Error: [Callstack] 0x00007ffd66bf7d0a UE4Editor-SlateRHIRenderer.dll!UnknownFunction []
[2018.11.24-16.50.35:356][818]LogWindows: Error: [Callstack] 0x00007ffda2401f92 UE4Editor-Core.dll!UnknownFunction []
[2018.11.24-16.50.35:357][818]LogWindows: Error: [Callstack] 0x00007ffda2402456 UE4Editor-Core.dll!UnknownFunction []
[2018.11.24-16.50.35:357][818]LogWindows: Error: [Callstack] 0x00007ffdb39575f9 UE4Editor-RenderCore.dll!UnknownFunction []
[2018.11.24-16.50.35:357][818]LogWindows: Error: [Callstack] 0x00007ffdb3958574 UE4Editor-RenderCore.dll!UnknownFunction []
[2018.11.24-16.50.35:357][818]LogWindows: Error: [Callstack] 0x00007ffda2846b7c UE4Editor-Core.dll!UnknownFunction []
[2018.11.24-16.50.35:357][818]LogWindows: Error: [Callstack] 0x00007ffda28417c7 UE4Editor-Core.dll!UnknownFunction []
[2018.11.24-16.50.35:357][818]LogWindows: Error: [Callstack] 0x00007ffdd7087e94 KERNEL32.DLL!UnknownFunction []
[2018.11.24-16.50.35:357][818]LogWindows: Error: [Callstack] 0x00007ffdd97b7ad1 ntdll.dll!UnknownFunction []
[2018.11.24-16.50.35:357][818]LogWindows: Error: 
[2018.11.24-16.50.35:357][818]LogWindows: Error: 
[2018.11.24-16.50.35:357][818]LogWindows: Error: 
[2018.11.24-16.50.35:357][818]LogWindows: Error: 
[2018.11.24-16.50.35:384][818]LogExit: Executing StaticShutdownAfterError
[2018.11.24-16.50.35:387][818]LogWindows: FPlatformMisc::RequestExit(1)
[2018.11.24-16.50.35:389][818]Log file closed, 11/24/18 11:50:35
